{"/home/travis/build/npmtest/node-npmtest-vogels/test.js":{"path":"/home/travis/build/npmtest/node-npmtest-vogels/test.js","s":{"1":2,"2":2,"3":2,"4":2,"5":2,"6":2,"7":2,"8":1,"9":2,"10":2,"11":1,"12":1,"13":1,"14":1,"15":2,"16":2,"17":2,"18":2,"19":1,"20":1,"21":2,"22":2,"23":2,"24":1,"25":1,"26":1,"27":1,"28":1,"29":1,"30":1,"31":1,"32":1,"33":1,"34":1,"35":1,"36":1,"37":1,"38":1,"39":2,"40":2,"41":1,"42":2,"43":2,"44":1,"45":2,"46":2,"47":1,"48":2,"49":2,"50":1,"51":1,"52":1,"53":1,"54":1},"b":{"1":[2,1,1,1],"2":[1,1,1,1],"3":[1,1],"4":[1,1],"5":[1,1],"6":[1,1],"7":[1,1],"8":[1,1],"9":[1,1],"10":[1,1,1],"11":[1,1],"12":[1,1],"13":[1,1],"14":[1,1],"15":[1,1],"16":[1,1],"17":[1,1]},"f":{"1":2,"2":2,"3":2,"4":2,"5":2,"6":1,"7":1,"8":1,"9":2,"10":2,"11":2,"12":2,"13":1},"fnMap":{"1":{"name":"(anonymous_1)","line":12,"loc":{"start":{"line":12,"column":1},"end":{"line":12,"column":13}}},"2":{"name":"(anonymous_2)","line":19,"loc":{"start":{"line":19,"column":5},"end":{"line":19,"column":17}}},"3":{"name":"(anonymous_3)","line":23,"loc":{"start":{"line":23,"column":24},"end":{"line":23,"column":36}}},"4":{"name":"(anonymous_4)","line":61,"loc":{"start":{"line":61,"column":5},"end":{"line":61,"column":17}}},"5":{"name":"(anonymous_5)","line":82,"loc":{"start":{"line":82,"column":5},"end":{"line":82,"column":17}}},"6":{"name":"(anonymous_6)","line":91,"loc":{"start":{"line":91,"column":77},"end":{"line":94,"column":10}}},"7":{"name":"(anonymous_7)","line":112,"loc":{"start":{"line":112,"column":83},"end":{"line":115,"column":10}},"skip":true},"8":{"name":"(anonymous_8)","line":123,"loc":{"start":{"line":123,"column":77},"end":{"line":126,"column":10}},"skip":true},"9":{"name":"(anonymous_9)","line":139,"loc":{"start":{"line":139,"column":12},"end":{"line":139,"column":40}},"skip":true},"10":{"name":"(anonymous_10)","line":147,"loc":{"start":{"line":147,"column":77},"end":{"line":150,"column":10}},"skip":true},"11":{"name":"(anonymous_11)","line":158,"loc":{"start":{"line":158,"column":83},"end":{"line":161,"column":10}},"skip":true},"12":{"name":"(anonymous_12)","line":169,"loc":{"start":{"line":169,"column":79},"end":{"line":172,"column":10}},"skip":true},"13":{"name":"(anonymous_13)","line":180,"loc":{"start":{"line":180,"column":75},"end":{"line":183,"column":10}},"skip":true}},"statementMap":{"1":{"start":{"line":12,"column":0},"end":{"line":195,"column":5}},"2":{"start":{"line":14,"column":4},"end":{"line":14,"column":14}},"3":{"start":{"line":19,"column":4},"end":{"line":56,"column":9}},"4":{"start":{"line":21,"column":8},"end":{"line":21,"column":19}},"5":{"start":{"line":23,"column":8},"end":{"line":35,"column":13}},"6":{"start":{"line":24,"column":12},"end":{"line":34,"column":13}},"7":{"start":{"line":25,"column":16},"end":{"line":28,"column":30}},"8":{"start":{"line":30,"column":16},"end":{"line":33,"column":27}},"9":{"start":{"line":37,"column":8},"end":{"line":39,"column":21}},"10":{"start":{"line":40,"column":8},"end":{"line":53,"column":9}},"11":{"start":{"line":43,"column":12},"end":{"line":46,"column":14}},"12":{"start":{"line":47,"column":12},"end":{"line":47,"column":18}},"13":{"start":{"line":50,"column":12},"end":{"line":51,"column":46}},"14":{"start":{"line":52,"column":12},"end":{"line":52,"column":18}},"15":{"start":{"line":55,"column":8},"end":{"line":55,"column":35}},"16":{"start":{"line":61,"column":4},"end":{"line":63,"column":9}},"17":{"start":{"line":62,"column":8},"end":{"line":62,"column":15}},"18":{"start":{"line":64,"column":4},"end":{"line":77,"column":5}},"19":{"start":{"line":70,"column":8},"end":{"line":70,"column":14}},"20":{"start":{"line":76,"column":8},"end":{"line":76,"column":14}},"21":{"start":{"line":82,"column":4},"end":{"line":84,"column":9}},"22":{"start":{"line":83,"column":8},"end":{"line":83,"column":15}},"23":{"start":{"line":85,"column":4},"end":{"line":194,"column":5}},"24":{"start":{"line":91,"column":8},"end":{"line":99,"column":10}},"25":{"start":{"line":98,"column":12},"end":{"line":98,"column":35}},"26":{"start":{"line":102,"column":8},"end":{"line":104,"column":63}},"27":{"start":{"line":105,"column":8},"end":{"line":105,"column":14}},"28":{"start":{"line":112,"column":8},"end":{"line":121,"column":10},"skip":true},"29":{"start":{"line":119,"column":12},"end":{"line":119,"column":55},"skip":true},"30":{"start":{"line":120,"column":12},"end":{"line":120,"column":48},"skip":true},"31":{"start":{"line":123,"column":8},"end":{"line":136,"column":10},"skip":true},"32":{"start":{"line":130,"column":12},"end":{"line":130,"column":76},"skip":true},"33":{"start":{"line":131,"column":12},"end":{"line":131,"column":73},"skip":true},"34":{"start":{"line":132,"column":12},"end":{"line":132,"column":74},"skip":true},"35":{"start":{"line":133,"column":12},"end":{"line":133,"column":79},"skip":true},"36":{"start":{"line":134,"column":12},"end":{"line":134,"column":25},"skip":true},"37":{"start":{"line":135,"column":12},"end":{"line":135,"column":45},"skip":true},"38":{"start":{"line":138,"column":8},"end":{"line":145,"column":14},"skip":true},"39":{"start":{"line":143,"column":16},"end":{"line":143,"column":29},"skip":true},"40":{"start":{"line":144,"column":16},"end":{"line":144,"column":55},"skip":true},"41":{"start":{"line":147,"column":8},"end":{"line":156,"column":10},"skip":true},"42":{"start":{"line":154,"column":12},"end":{"line":154,"column":25},"skip":true},"43":{"start":{"line":155,"column":12},"end":{"line":155,"column":45},"skip":true},"44":{"start":{"line":158,"column":8},"end":{"line":167,"column":10},"skip":true},"45":{"start":{"line":165,"column":12},"end":{"line":165,"column":25},"skip":true},"46":{"start":{"line":166,"column":12},"end":{"line":166,"column":48},"skip":true},"47":{"start":{"line":169,"column":8},"end":{"line":178,"column":10},"skip":true},"48":{"start":{"line":176,"column":12},"end":{"line":176,"column":25},"skip":true},"49":{"start":{"line":177,"column":12},"end":{"line":177,"column":46},"skip":true},"50":{"start":{"line":180,"column":8},"end":{"line":189,"column":10},"skip":true},"51":{"start":{"line":187,"column":12},"end":{"line":187,"column":94},"skip":true},"52":{"start":{"line":188,"column":12},"end":{"line":188,"column":48},"skip":true},"53":{"start":{"line":192,"column":8},"end":{"line":192,"column":35},"skip":true},"54":{"start":{"line":193,"column":8},"end":{"line":193,"column":14},"skip":true}},"branchMap":{"1":{"line":25,"type":"binary-expr","locations":[{"start":{"line":25,"column":23},"end":{"line":25,"column":62}},{"start":{"line":26,"column":20},"end":{"line":26,"column":70}},{"start":{"line":27,"column":20},"end":{"line":27,"column":71}},{"start":{"line":28,"column":20},"end":{"line":28,"column":29}}]},"2":{"line":30,"type":"binary-expr","locations":[{"start":{"line":30,"column":23},"end":{"line":30,"column":37}},{"start":{"line":31,"column":20},"end":{"line":31,"column":61}},{"start":{"line":32,"column":20},"end":{"line":32,"column":70}},{"start":{"line":33,"column":20},"end":{"line":33,"column":26}}]},"3":{"line":37,"type":"cond-expr","locations":[{"start":{"line":38,"column":14},"end":{"line":38,"column":20}},{"start":{"line":39,"column":14},"end":{"line":39,"column":20}}]},"4":{"line":40,"type":"switch","locations":[{"start":{"line":42,"column":8},"end":{"line":47,"column":18}},{"start":{"line":49,"column":8},"end":{"line":52,"column":18}}]},"5":{"line":44,"type":"binary-expr","locations":[{"start":{"line":44,"column":16},"end":{"line":44,"column":44}},{"start":{"line":44,"column":48},"end":{"line":44,"column":66}}]},"6":{"line":50,"type":"binary-expr","locations":[{"start":{"line":50,"column":21},"end":{"line":50,"column":49}},{"start":{"line":50,"column":53},"end":{"line":50,"column":72}}]},"7":{"line":64,"type":"switch","locations":[{"start":{"line":69,"column":4},"end":{"line":70,"column":14}},{"start":{"line":75,"column":4},"end":{"line":76,"column":14}}]},"8":{"line":85,"type":"switch","locations":[{"start":{"line":90,"column":4},"end":{"line":105,"column":14}},{"start":{"line":111,"column":4},"end":{"line":193,"column":14},"skip":true}]},"9":{"line":91,"type":"binary-expr","locations":[{"start":{"line":91,"column":42},"end":{"line":91,"column":73}},{"start":{"line":91,"column":77},"end":{"line":99,"column":9}}]},"10":{"line":102,"type":"binary-expr","locations":[{"start":{"line":102,"column":18},"end":{"line":102,"column":32}},{"start":{"line":103,"column":12},"end":{"line":103,"column":53}},{"start":{"line":104,"column":12},"end":{"line":104,"column":61}}]},"11":{"line":112,"type":"binary-expr","locations":[{"start":{"line":112,"column":45},"end":{"line":112,"column":79},"skip":true},{"start":{"line":112,"column":83},"end":{"line":121,"column":9},"skip":true}]},"12":{"line":123,"type":"binary-expr","locations":[{"start":{"line":123,"column":42},"end":{"line":123,"column":73},"skip":true},{"start":{"line":123,"column":77},"end":{"line":136,"column":9},"skip":true}]},"13":{"line":138,"type":"binary-expr","locations":[{"start":{"line":138,"column":48},"end":{"line":138,"column":85},"skip":true},{"start":{"line":139,"column":12},"end":{"line":145,"column":13},"skip":true}]},"14":{"line":147,"type":"binary-expr","locations":[{"start":{"line":147,"column":42},"end":{"line":147,"column":73},"skip":true},{"start":{"line":147,"column":77},"end":{"line":156,"column":9},"skip":true}]},"15":{"line":158,"type":"binary-expr","locations":[{"start":{"line":158,"column":45},"end":{"line":158,"column":79},"skip":true},{"start":{"line":158,"column":83},"end":{"line":167,"column":9},"skip":true}]},"16":{"line":169,"type":"binary-expr","locations":[{"start":{"line":169,"column":43},"end":{"line":169,"column":75},"skip":true},{"start":{"line":169,"column":79},"end":{"line":178,"column":9},"skip":true}]},"17":{"line":180,"type":"binary-expr","locations":[{"start":{"line":180,"column":41},"end":{"line":180,"column":71},"skip":true},{"start":{"line":180,"column":75},"end":{"line":189,"column":9},"skip":true}]}},"code":["/* istanbul instrument in package npmtest_vogels */","/*jslint","    bitwise: true,","    browser: true,","    maxerr: 8,","    maxlen: 96,","    node: true,","    nomen: true,","    regexp: true,","    stupid: true","*/","(function () {","    'use strict';","    var local;","","","","    // run shared js-env code - pre-init","    (function () {","        // init local","        local = {};","        // init modeJs","        local.modeJs = (function () {","            try {","                return typeof navigator.userAgent === 'string' &&","                    typeof document.querySelector('body') === 'object' &&","                    typeof XMLHttpRequest.prototype.open === 'function' &&","                    'browser';","            } catch (errorCaughtBrowser) {","                return module.exports &&","                    typeof process.versions.node === 'string' &&","                    typeof require('http').createServer === 'function' &&","                    'node';","            }","        }());","        // init global","        local.global = local.modeJs === 'browser'","            ? window","            : global;","        switch (local.modeJs) {","        // re-init local from window.local","        case 'browser':","            local = local.global.utility2.objectSetDefault(","                local.global.utility2_rollup || local.global.local,","                local.global.utility2","            );","            break;","        // re-init local from example.js","        case 'node':","            local = (local.global.utility2_rollup || require('utility2'))","                .requireExampleJsFromReadme();","            break;","        }","        // export local","        local.global.local = local;","    }());","","","","    // run shared js-env code - function","    (function () {","        return;","    }());","    switch (local.modeJs) {","","","","    // run browser js-env code - function","    case 'browser':","        break;","","","","    // run node js-env code - function","    case 'node':","        break;","    }","","","","    // run shared js-env code - post-init","    (function () {","        return;","    }());","    switch (local.modeJs) {","","","","    // run browser js-env code - post-init","    case 'browser':","        local.testCase_browser_nullCase = local.testCase_browser_nullCase || function (","            options,","            onError","        ) {","        /*","         * this function will test browsers's null-case handling-behavior-behavior","         */","            onError(null, options);","        };","","        // run tests","        local.nop(local.modeTest &&","            document.querySelector('#testRunButton1') &&","            document.querySelector('#testRunButton1').click());","        break;","","","","    // run node js-env code - post-init","    /* istanbul ignore next */","    case 'node':","        local.testCase_buildApidoc_default = local.testCase_buildApidoc_default || function (","            options,","            onError","        ) {","        /*","         * this function will test buildApidoc's default handling-behavior-behavior","         */","            options = { modulePathList: module.paths };","            local.buildApidoc(options, onError);","        };","","        local.testCase_buildApp_default = local.testCase_buildApp_default || function (","            options,","            onError","        ) {","        /*","         * this function will test buildApp's default handling-behavior-behavior","         */","            local.testCase_buildReadme_default(options, local.onErrorThrow);","            local.testCase_buildLib_default(options, local.onErrorThrow);","            local.testCase_buildTest_default(options, local.onErrorThrow);","            local.testCase_buildCustomOrg_default(options, local.onErrorThrow);","            options = [];","            local.buildApp(options, onError);","        };","","        local.testCase_buildCustomOrg_default = local.testCase_buildCustomOrg_default ||","            function (options, onError) {","            /*","             * this function will test buildCustomOrg's default handling-behavior","             */","                options = {};","                local.buildCustomOrg(options, onError);","            };","","        local.testCase_buildLib_default = local.testCase_buildLib_default || function (","            options,","            onError","        ) {","        /*","         * this function will test buildLib's default handling-behavior","         */","            options = {};","            local.buildLib(options, onError);","        };","","        local.testCase_buildReadme_default = local.testCase_buildReadme_default || function (","            options,","            onError","        ) {","        /*","         * this function will test buildReadme's default handling-behavior-behavior","         */","            options = {};","            local.buildReadme(options, onError);","        };","","        local.testCase_buildTest_default = local.testCase_buildTest_default || function (","            options,","            onError","        ) {","        /*","         * this function will test buildTest's default handling-behavior","         */","            options = {};","            local.buildTest(options, onError);","        };","","        local.testCase_webpage_default = local.testCase_webpage_default || function (","            options,","            onError","        ) {","        /*","         * this function will test webpage's default handling-behavior","         */","            options = { modeCoverageMerge: true, url: local.serverLocalHost + '?modeTest=1' };","            local.browserTest(options, onError);","        };","","        // run test-server","        local.testRunServer(local);","        break;","    }","}());",""],"l":{"12":2,"14":2,"19":2,"21":2,"23":2,"24":2,"25":2,"30":1,"37":2,"40":2,"43":1,"47":1,"50":1,"52":1,"55":2,"61":2,"62":2,"64":2,"70":1,"76":1,"82":2,"83":2,"85":2,"91":1,"98":1,"102":1,"105":1,"112":1,"119":1,"120":1,"123":1,"130":1,"131":1,"132":1,"133":1,"134":1,"135":1,"138":1,"143":2,"144":2,"147":1,"154":2,"155":2,"158":1,"165":2,"166":2,"169":1,"176":2,"177":2,"180":1,"187":1,"188":1,"192":1,"193":1}},"/home/travis/build/npmtest/node-npmtest-vogels/lib.npmtest_vogels.js":{"path":"/home/travis/build/npmtest/node-npmtest-vogels/lib.npmtest_vogels.js","s":{"1":2,"2":2,"3":2,"4":2,"5":2,"6":2,"7":2,"8":1,"9":2,"10":2,"11":2,"12":2,"13":1,"14":1,"15":1,"16":1},"b":{"1":[2,1,1,1],"2":[1,1,1,1],"3":[1,1],"4":[2,2],"5":[1,1]},"f":{"1":2,"2":2,"3":2},"fnMap":{"1":{"name":"(anonymous_1)","line":12,"loc":{"start":{"line":12,"column":1},"end":{"line":12,"column":13}}},"2":{"name":"(anonymous_2)","line":19,"loc":{"start":{"line":19,"column":5},"end":{"line":19,"column":17}}},"3":{"name":"(anonymous_3)","line":23,"loc":{"start":{"line":23,"column":24},"end":{"line":23,"column":36}}}},"statementMap":{"1":{"start":{"line":12,"column":0},"end":{"line":53,"column":5}},"2":{"start":{"line":14,"column":4},"end":{"line":14,"column":14}},"3":{"start":{"line":19,"column":4},"end":{"line":52,"column":9}},"4":{"start":{"line":21,"column":8},"end":{"line":21,"column":19}},"5":{"start":{"line":23,"column":8},"end":{"line":35,"column":13}},"6":{"start":{"line":24,"column":12},"end":{"line":34,"column":13}},"7":{"start":{"line":25,"column":16},"end":{"line":28,"column":30}},"8":{"start":{"line":30,"column":16},"end":{"line":33,"column":27}},"9":{"start":{"line":37,"column":8},"end":{"line":39,"column":21}},"10":{"start":{"line":41,"column":8},"end":{"line":41,"column":54}},"11":{"start":{"line":43,"column":8},"end":{"line":43,"column":51}},"12":{"start":{"line":45,"column":8},"end":{"line":51,"column":9}},"13":{"start":{"line":46,"column":12},"end":{"line":46,"column":57}},"14":{"start":{"line":48,"column":12},"end":{"line":48,"column":35}},"15":{"start":{"line":49,"column":12},"end":{"line":49,"column":49}},"16":{"start":{"line":50,"column":12},"end":{"line":50,"column":43}}},"branchMap":{"1":{"line":25,"type":"binary-expr","locations":[{"start":{"line":25,"column":23},"end":{"line":25,"column":62}},{"start":{"line":26,"column":20},"end":{"line":26,"column":70}},{"start":{"line":27,"column":20},"end":{"line":27,"column":71}},{"start":{"line":28,"column":20},"end":{"line":28,"column":29}}]},"2":{"line":30,"type":"binary-expr","locations":[{"start":{"line":30,"column":23},"end":{"line":30,"column":37}},{"start":{"line":31,"column":20},"end":{"line":31,"column":61}},{"start":{"line":32,"column":20},"end":{"line":32,"column":70}},{"start":{"line":33,"column":20},"end":{"line":33,"column":26}}]},"3":{"line":37,"type":"cond-expr","locations":[{"start":{"line":38,"column":14},"end":{"line":38,"column":20}},{"start":{"line":39,"column":14},"end":{"line":39,"column":20}}]},"4":{"line":41,"type":"binary-expr","locations":[{"start":{"line":41,"column":16},"end":{"line":41,"column":44}},{"start":{"line":41,"column":48},"end":{"line":41,"column":53}}]},"5":{"line":45,"type":"if","locations":[{"start":{"line":45,"column":8},"end":{"line":45,"column":8}},{"start":{"line":45,"column":8},"end":{"line":45,"column":8}}]}},"code":["/* istanbul instrument in package npmtest_vogels */","/*jslint","    bitwise: true,","    browser: true,","    maxerr: 8,","    maxlen: 96,","    node: true,","    nomen: true,","    regexp: true,","    stupid: true","*/","(function () {","    'use strict';","    var local;","","","","    // run shared js-env code - pre-init","    (function () {","        // init local","        local = {};","        // init modeJs","        local.modeJs = (function () {","            try {","                return typeof navigator.userAgent === 'string' &&","                    typeof document.querySelector('body') === 'object' &&","                    typeof XMLHttpRequest.prototype.open === 'function' &&","                    'browser';","            } catch (errorCaughtBrowser) {","                return module.exports &&","                    typeof process.versions.node === 'string' &&","                    typeof require('http').createServer === 'function' &&","                    'node';","            }","        }());","        // init global","        local.global = local.modeJs === 'browser'","            ? window","            : global;","        // init utility2_rollup","        local = local.global.utility2_rollup || local;","        // init lib","        local.local = local.npmtest_vogels = local;","        // init exports","        if (local.modeJs === 'browser') {","            local.global.utility2_npmtest_vogels = local;","        } else {","            module.exports = local;","            module.exports.__dirname = __dirname;","            module.exports.module = module;","        }","    }());","}());",""],"l":{"12":2,"14":2,"19":2,"21":2,"23":2,"24":2,"25":2,"30":1,"37":2,"41":2,"43":2,"45":2,"46":1,"48":1,"49":1,"50":1}},"/home/travis/build/npmtest/node-npmtest-vogels/example.js":{"path":"/home/travis/build/npmtest/node-npmtest-vogels/example.js","s":{"1":2,"2":2,"3":2,"4":2,"5":2,"6":2,"7":2,"8":1,"9":2,"10":2,"11":2,"12":2,"13":1,"14":2,"15":2,"16":2,"17":2,"18":2,"19":0,"20":2,"21":1,"22":1,"23":1,"24":1,"25":1,"26":0,"27":0,"28":1,"29":1,"30":2,"31":0,"32":0,"33":0,"34":1,"35":2,"36":2,"37":3,"38":3,"39":3,"40":3,"41":0,"42":3,"43":3,"44":3,"45":1,"46":3,"47":1,"48":1,"49":1,"50":1,"51":1,"52":1,"53":1,"54":1,"55":1,"56":1,"57":0,"58":1,"59":6,"60":6,"61":1,"62":2,"63":0,"64":2,"65":1,"66":1,"67":0,"68":0,"69":0,"70":0,"71":0,"72":0,"73":0,"74":0,"75":0,"76":0,"77":0,"78":0,"79":0,"80":0,"81":0,"82":0,"83":0},"b":{"1":[2,1,1,1],"2":[1,1,1,1],"3":[1,1],"4":[2,2],"5":[1,1],"6":[1,1],"7":[2,0],"8":[2,1,1,1,1,1],"9":[0,2,0],"10":[1,1],"11":[2,1,1],"12":[1,0],"13":[0,2],"14":[2,0,0,0,0,0,0],"15":[0,3],"16":[3,0],"17":[1,1],"18":[0,1],"19":[1,2,0,2],"20":[1,0],"21":[1,1],"22":[0,0],"23":[0,0],"24":[0,0],"25":[0,0],"26":[0,0],"27":[0,0],"28":[0,0]},"f":{"1":2,"2":2,"3":2,"4":2,"5":2,"6":2,"7":3,"8":3,"9":3,"10":1,"11":6,"12":0},"fnMap":{"1":{"name":"(anonymous_1)","line":26,"loc":{"start":{"line":26,"column":1},"end":{"line":26,"column":13}}},"2":{"name":"(anonymous_2)","line":33,"loc":{"start":{"line":33,"column":5},"end":{"line":33,"column":17}}},"3":{"name":"(anonymous_3)","line":37,"loc":{"start":{"line":37,"column":24},"end":{"line":37,"column":36}}},"4":{"name":"(anonymous_4)","line":69,"loc":{"start":{"line":69,"column":31},"end":{"line":69,"column":48}},"skip":true},"5":{"name":"(anonymous_5)","line":78,"loc":{"start":{"line":78,"column":26},"end":{"line":78,"column":45}},"skip":true},"6":{"name":"(anonymous_6)","line":123,"loc":{"start":{"line":123,"column":33},"end":{"line":123,"column":48}},"skip":true},"7":{"name":"(anonymous_7)","line":125,"loc":{"start":{"line":125,"column":27},"end":{"line":125,"column":39}},"skip":true},"8":{"name":"(anonymous_8)","line":133,"loc":{"start":{"line":133,"column":59},"end":{"line":133,"column":74}},"skip":true},"9":{"name":"(anonymous_9)","line":143,"loc":{"start":{"line":143,"column":45},"end":{"line":143,"column":62}},"skip":true},"10":{"name":"(anonymous_10)","line":144,"loc":{"start":{"line":144,"column":73},"end":{"line":144,"column":92}},"skip":true},"11":{"name":"(anonymous_11)","line":272,"loc":{"start":{"line":272,"column":51},"end":{"line":272,"column":77}},"skip":true},"12":{"name":"(anonymous_12)","line":315,"loc":{"start":{"line":315,"column":32},"end":{"line":315,"column":61}},"skip":true}},"statementMap":{"1":{"start":{"line":26,"column":0},"end":{"line":326,"column":5}},"2":{"start":{"line":28,"column":4},"end":{"line":28,"column":14}},"3":{"start":{"line":33,"column":4},"end":{"line":60,"column":9}},"4":{"start":{"line":35,"column":8},"end":{"line":35,"column":19}},"5":{"start":{"line":37,"column":8},"end":{"line":49,"column":13}},"6":{"start":{"line":38,"column":12},"end":{"line":48,"column":13}},"7":{"start":{"line":39,"column":16},"end":{"line":42,"column":30}},"8":{"start":{"line":44,"column":16},"end":{"line":47,"column":27}},"9":{"start":{"line":51,"column":8},"end":{"line":53,"column":21}},"10":{"start":{"line":55,"column":8},"end":{"line":57,"column":45}},"11":{"start":{"line":59,"column":8},"end":{"line":59,"column":35}},"12":{"start":{"line":61,"column":4},"end":{"line":325,"column":5}},"13":{"start":{"line":69,"column":8},"end":{"line":121,"column":10},"skip":true},"14":{"start":{"line":70,"column":12},"end":{"line":88,"column":13},"skip":true},"15":{"start":{"line":76,"column":16},"end":{"line":87,"column":19},"skip":true},"16":{"start":{"line":79,"column":20},"end":{"line":86,"column":21},"skip":true},"17":{"start":{"line":82,"column":24},"end":{"line":82,"column":43},"skip":true},"18":{"start":{"line":83,"column":24},"end":{"line":83,"column":30},"skip":true},"19":{"start":{"line":85,"column":24},"end":{"line":85,"column":49},"skip":true},"20":{"start":{"line":89,"column":12},"end":{"line":107,"column":13},"skip":true},"21":{"start":{"line":92,"column":16},"end":{"line":102,"column":17},"skip":true},"22":{"start":{"line":93,"column":20},"end":{"line":93,"column":86},"skip":true},"23":{"start":{"line":94,"column":20},"end":{"line":95,"column":45},"skip":true},"24":{"start":{"line":96,"column":20},"end":{"line":96,"column":42},"skip":true},"25":{"start":{"line":97,"column":20},"end":{"line":97,"column":48},"skip":true},"26":{"start":{"line":100,"column":20},"end":{"line":100,"column":85},"skip":true},"27":{"start":{"line":101,"column":20},"end":{"line":101,"column":96},"skip":true},"28":{"start":{"line":103,"column":16},"end":{"line":103,"column":22},"skip":true},"29":{"start":{"line":106,"column":16},"end":{"line":106,"column":22},"skip":true},"30":{"start":{"line":108,"column":12},"end":{"line":120,"column":13},"skip":true},"31":{"start":{"line":114,"column":16},"end":{"line":119,"column":17},"skip":true},"32":{"start":{"line":116,"column":20},"end":{"line":116,"column":78},"skip":true},"33":{"start":{"line":118,"column":20},"end":{"line":118,"column":47},"skip":true},"34":{"start":{"line":123,"column":8},"end":{"line":141,"column":11},"skip":true},"35":{"start":{"line":124,"column":12},"end":{"line":124,"column":54},"skip":true},"36":{"start":{"line":125,"column":12},"end":{"line":140,"column":14},"skip":true},"37":{"start":{"line":126,"column":16},"end":{"line":126,"column":28},"skip":true},"38":{"start":{"line":127,"column":16},"end":{"line":127,"column":69},"skip":true},"39":{"start":{"line":128,"column":16},"end":{"line":128,"column":75},"skip":true},"40":{"start":{"line":129,"column":16},"end":{"line":131,"column":17},"skip":true},"41":{"start":{"line":130,"column":20},"end":{"line":130,"column":27},"skip":true},"42":{"start":{"line":133,"column":16},"end":{"line":137,"column":36},"skip":true},"43":{"start":{"line":134,"column":20},"end":{"line":136,"column":55},"skip":true},"44":{"start":{"line":139,"column":16},"end":{"line":139,"column":57},"skip":true},"45":{"start":{"line":143,"column":8},"end":{"line":147,"column":11},"skip":true},"46":{"start":{"line":144,"column":12},"end":{"line":146,"column":15},"skip":true},"47":{"start":{"line":145,"column":16},"end":{"line":145,"column":70},"skip":true},"48":{"start":{"line":149,"column":8},"end":{"line":149,"column":31},"skip":true},"49":{"start":{"line":150,"column":8},"end":{"line":150,"column":14},"skip":true},"50":{"start":{"line":158,"column":8},"end":{"line":158,"column":31},"skip":true},"51":{"start":{"line":160,"column":8},"end":{"line":160,"column":33},"skip":true},"52":{"start":{"line":161,"column":8},"end":{"line":161,"column":37},"skip":true},"53":{"start":{"line":162,"column":8},"end":{"line":162,"column":35},"skip":true},"54":{"start":{"line":164,"column":8},"end":{"line":164,"column":50},"skip":true},"55":{"start":{"line":166,"column":8},"end":{"line":256,"column":2},"skip":true},"56":{"start":{"line":258,"column":8},"end":{"line":286,"column":9},"skip":true},"57":{"start":{"line":259,"column":12},"end":{"line":269,"column":14},"skip":true},"58":{"start":{"line":271,"column":12},"end":{"line":285,"column":19},"skip":true},"59":{"start":{"line":274,"column":20},"end":{"line":274,"column":35},"skip":true},"60":{"start":{"line":275,"column":20},"end":{"line":284,"column":21},"skip":true},"61":{"start":{"line":277,"column":24},"end":{"line":277,"column":64},"skip":true},"62":{"start":{"line":279,"column":24},"end":{"line":279,"column":40},"skip":true},"63":{"start":{"line":281,"column":24},"end":{"line":281,"column":40},"skip":true},"64":{"start":{"line":283,"column":24},"end":{"line":283,"column":39},"skip":true},"65":{"start":{"line":288,"column":8},"end":{"line":290,"column":9},"skip":true},"66":{"start":{"line":289,"column":12},"end":{"line":289,"column":18},"skip":true},"67":{"start":{"line":291,"column":8},"end":{"line":293,"column":54},"skip":true},"68":{"start":{"line":296,"column":8},"end":{"line":301,"column":37},"skip":true},"69":{"start":{"line":303,"column":8},"end":{"line":303,"column":82},"skip":true},"70":{"start":{"line":306,"column":8},"end":{"line":308,"column":9},"skip":true},"71":{"start":{"line":307,"column":12},"end":{"line":307,"column":82},"skip":true},"72":{"start":{"line":310,"column":8},"end":{"line":312,"column":9},"skip":true},"73":{"start":{"line":311,"column":12},"end":{"line":311,"column":18},"skip":true},"74":{"start":{"line":313,"column":8},"end":{"line":313,"column":54},"skip":true},"75":{"start":{"line":314,"column":8},"end":{"line":314,"column":69},"skip":true},"76":{"start":{"line":315,"column":8},"end":{"line":323,"column":36},"skip":true},"77":{"start":{"line":316,"column":12},"end":{"line":316,"column":61},"skip":true},"78":{"start":{"line":317,"column":12},"end":{"line":320,"column":13},"skip":true},"79":{"start":{"line":318,"column":16},"end":{"line":318,"column":75},"skip":true},"80":{"start":{"line":319,"column":16},"end":{"line":319,"column":23},"skip":true},"81":{"start":{"line":321,"column":12},"end":{"line":321,"column":38},"skip":true},"82":{"start":{"line":322,"column":12},"end":{"line":322,"column":27},"skip":true},"83":{"start":{"line":324,"column":8},"end":{"line":324,"column":14},"skip":true}},"branchMap":{"1":{"line":39,"type":"binary-expr","locations":[{"start":{"line":39,"column":23},"end":{"line":39,"column":62}},{"start":{"line":40,"column":20},"end":{"line":40,"column":70}},{"start":{"line":41,"column":20},"end":{"line":41,"column":71}},{"start":{"line":42,"column":20},"end":{"line":42,"column":29}}]},"2":{"line":44,"type":"binary-expr","locations":[{"start":{"line":44,"column":23},"end":{"line":44,"column":37}},{"start":{"line":45,"column":20},"end":{"line":45,"column":61}},{"start":{"line":46,"column":20},"end":{"line":46,"column":70}},{"start":{"line":47,"column":20},"end":{"line":47,"column":26}}]},"3":{"line":51,"type":"cond-expr","locations":[{"start":{"line":52,"column":14},"end":{"line":52,"column":20}},{"start":{"line":53,"column":14},"end":{"line":53,"column":20}}]},"4":{"line":55,"type":"binary-expr","locations":[{"start":{"line":55,"column":16},"end":{"line":55,"column":44}},{"start":{"line":55,"column":49},"end":{"line":57,"column":43}}]},"5":{"line":55,"type":"cond-expr","locations":[{"start":{"line":56,"column":14},"end":{"line":56,"column":50}},{"start":{"line":57,"column":14},"end":{"line":57,"column":43}}]},"6":{"line":61,"type":"switch","locations":[{"start":{"line":68,"column":4},"end":{"line":150,"column":14},"skip":true},{"start":{"line":156,"column":4},"end":{"line":324,"column":14},"skip":true}]},"7":{"line":70,"type":"if","locations":[{"start":{"line":70,"column":12},"end":{"line":70,"column":12},"skip":true},{"start":{"line":70,"column":12},"end":{"line":70,"column":12},"skip":true}]},"8":{"line":70,"type":"binary-expr","locations":[{"start":{"line":70,"column":16},"end":{"line":70,"column":22},"skip":true},{"start":{"line":70,"column":27},"end":{"line":70,"column":32},"skip":true},{"start":{"line":71,"column":20},"end":{"line":71,"column":39},"skip":true},{"start":{"line":72,"column":20},"end":{"line":72,"column":49},"skip":true},{"start":{"line":73,"column":20},"end":{"line":73,"column":58},"skip":true},{"start":{"line":74,"column":20},"end":{"line":74,"column":69},"skip":true}]},"9":{"line":79,"type":"switch","locations":[{"start":{"line":80,"column":20},"end":{"line":80,"column":33},"skip":true},{"start":{"line":81,"column":20},"end":{"line":83,"column":30},"skip":true},{"start":{"line":84,"column":20},"end":{"line":85,"column":49},"skip":true}]},"10":{"line":89,"type":"switch","locations":[{"start":{"line":90,"column":12},"end":{"line":103,"column":22},"skip":true},{"start":{"line":105,"column":12},"end":{"line":106,"column":22},"skip":true}]},"11":{"line":89,"type":"binary-expr","locations":[{"start":{"line":89,"column":20},"end":{"line":89,"column":25},"skip":true},{"start":{"line":89,"column":29},"end":{"line":89,"column":48},"skip":true},{"start":{"line":89,"column":52},"end":{"line":89,"column":74},"skip":true}]},"12":{"line":92,"type":"if","locations":[{"start":{"line":92,"column":16},"end":{"line":92,"column":16},"skip":true},{"start":{"line":92,"column":16},"end":{"line":92,"column":16},"skip":true}]},"13":{"line":108,"type":"if","locations":[{"start":{"line":108,"column":12},"end":{"line":108,"column":12},"skip":true},{"start":{"line":108,"column":12},"end":{"line":108,"column":12},"skip":true}]},"14":{"line":108,"type":"binary-expr","locations":[{"start":{"line":108,"column":16},"end":{"line":108,"column":61},"skip":true},{"start":{"line":108,"column":66},"end":{"line":108,"column":72},"skip":true},{"start":{"line":108,"column":77},"end":{"line":108,"column":82},"skip":true},{"start":{"line":109,"column":20},"end":{"line":109,"column":39},"skip":true},{"start":{"line":110,"column":20},"end":{"line":110,"column":49},"skip":true},{"start":{"line":111,"column":20},"end":{"line":111,"column":58},"skip":true},{"start":{"line":112,"column":20},"end":{"line":112,"column":68},"skip":true}]},"15":{"line":129,"type":"if","locations":[{"start":{"line":129,"column":16},"end":{"line":129,"column":16},"skip":true},{"start":{"line":129,"column":16},"end":{"line":129,"column":16},"skip":true}]},"16":{"line":134,"type":"cond-expr","locations":[{"start":{"line":135,"column":26},"end":{"line":135,"column":29},"skip":true},{"start":{"line":136,"column":26},"end":{"line":136,"column":54},"skip":true}]},"17":{"line":164,"type":"binary-expr","locations":[{"start":{"line":164,"column":27},"end":{"line":164,"column":43},"skip":true},{"start":{"line":164,"column":47},"end":{"line":164,"column":49},"skip":true}]},"18":{"line":258,"type":"if","locations":[{"start":{"line":258,"column":8},"end":{"line":258,"column":8},"skip":true},{"start":{"line":258,"column":8},"end":{"line":258,"column":8},"skip":true}]},"19":{"line":275,"type":"switch","locations":[{"start":{"line":276,"column":20},"end":{"line":277,"column":64},"skip":true},{"start":{"line":278,"column":20},"end":{"line":279,"column":40},"skip":true},{"start":{"line":280,"column":20},"end":{"line":281,"column":40},"skip":true},{"start":{"line":282,"column":20},"end":{"line":283,"column":39},"skip":true}]},"20":{"line":288,"type":"if","locations":[{"start":{"line":288,"column":8},"end":{"line":288,"column":8},"skip":true},{"start":{"line":288,"column":8},"end":{"line":288,"column":8},"skip":true}]},"21":{"line":288,"type":"binary-expr","locations":[{"start":{"line":288,"column":12},"end":{"line":288,"column":40},"skip":true},{"start":{"line":288,"column":44},"end":{"line":288,"column":67},"skip":true}]},"22":{"line":292,"type":"binary-expr","locations":[{"start":{"line":292,"column":12},"end":{"line":292,"column":50},"skip":true},{"start":{"line":293,"column":12},"end":{"line":293,"column":53},"skip":true}]},"23":{"line":297,"type":"binary-expr","locations":[{"start":{"line":297,"column":12},"end":{"line":297,"column":64},"skip":true},{"start":{"line":298,"column":12},"end":{"line":301,"column":36},"skip":true}]},"24":{"line":303,"type":"binary-expr","locations":[{"start":{"line":303,"column":43},"end":{"line":303,"column":75},"skip":true},{"start":{"line":303,"column":79},"end":{"line":303,"column":81},"skip":true}]},"25":{"line":306,"type":"if","locations":[{"start":{"line":306,"column":8},"end":{"line":306,"column":8},"skip":true},{"start":{"line":306,"column":8},"end":{"line":306,"column":8},"skip":true}]},"26":{"line":310,"type":"if","locations":[{"start":{"line":310,"column":8},"end":{"line":310,"column":8},"skip":true},{"start":{"line":310,"column":8},"end":{"line":310,"column":8},"skip":true}]},"27":{"line":313,"type":"binary-expr","locations":[{"start":{"line":313,"column":27},"end":{"line":313,"column":43},"skip":true},{"start":{"line":313,"column":47},"end":{"line":313,"column":53},"skip":true}]},"28":{"line":317,"type":"if","locations":[{"start":{"line":317,"column":12},"end":{"line":317,"column":12},"skip":true},{"start":{"line":317,"column":12},"end":{"line":317,"column":12},"skip":true}]}},"code":["/*","example.js","","quickstart example","","instruction","    1. save this script as example.js","    2. run the shell command:","        $ npm install npmtest-vogels && PORT=8081 node example.js","    3. play with the browser-demo on http://127.0.0.1:8081","*/","","","","/* istanbul instrument in package npmtest_vogels */","/*jslint","    bitwise: true,","    browser: true,","    maxerr: 8,","    maxlen: 96,","    node: true,","    nomen: true,","    regexp: true,","    stupid: true","*/","(function () {","    'use strict';","    var local;","","","","    // run shared js-env code - pre-init","    (function () {","        // init local","        local = {};","        // init modeJs","        local.modeJs = (function () {","            try {","                return typeof navigator.userAgent === 'string' &&","                    typeof document.querySelector('body') === 'object' &&","                    typeof XMLHttpRequest.prototype.open === 'function' &&","                    'browser';","            } catch (errorCaughtBrowser) {","                return module.exports &&","                    typeof process.versions.node === 'string' &&","                    typeof require('http').createServer === 'function' &&","                    'node';","            }","        }());","        // init global","        local.global = local.modeJs === 'browser'","            ? window","            : global;","        // init utility2_rollup","        local = local.global.utility2_rollup || (local.modeJs === 'browser'","            ? local.global.utility2_npmtest_vogels","            : global.utility2_moduleExports);","        // export local","        local.global.local = local;","    }());","    switch (local.modeJs) {","","","","    // post-init","    // run browser js-env code - post-init","    /* istanbul ignore next */","    case 'browser':","        local.testRunBrowser = function (event) {","            if (!event || (event &&","                    event.currentTarget &&","                    event.currentTarget.className &&","                    event.currentTarget.className.includes &&","                    event.currentTarget.className.includes('onreset'))) {","                // reset output","                Array.from(","                    document.querySelectorAll('body > .resettable')","                ).forEach(function (element) {","                    switch (element.tagName) {","                    case 'INPUT':","                    case 'TEXTAREA':","                        element.value = '';","                        break;","                    default:","                        element.textContent = '';","                    }","                });","            }","            switch (event && event.currentTarget && event.currentTarget.id) {","            case 'testRunButton1':","                // show tests","                if (document.querySelector('#testReportDiv1').style.display === 'none') {","                    document.querySelector('#testReportDiv1').style.display = 'block';","                    document.querySelector('#testRunButton1').textContent =","                        'hide internal test';","                    local.modeTest = true;","                    local.testRunDefault(local);","                // hide tests","                } else {","                    document.querySelector('#testReportDiv1').style.display = 'none';","                    document.querySelector('#testRunButton1').textContent = 'run internal test';","                }","                break;","            // custom-case","            default:","                break;","            }","            if (document.querySelector('#inputTextareaEval1') && (!event || (event &&","                    event.currentTarget &&","                    event.currentTarget.className &&","                    event.currentTarget.className.includes &&","                    event.currentTarget.className.includes('oneval')))) {","                // try to eval input-code","                try {","                    /*jslint evil: true*/","                    eval(document.querySelector('#inputTextareaEval1').value);","                } catch (errorCaught) {","                    console.error(errorCaught);","                }","            }","        };","        // log stderr and stdout to #outputTextareaStdout1","        ['error', 'log'].forEach(function (key) {","            console[key + '_original'] = console[key];","            console[key] = function () {","                var element;","                console[key + '_original'].apply(console, arguments);","                element = document.querySelector('#outputTextareaStdout1');","                if (!element) {","                    return;","                }","                // append text to #outputTextareaStdout1","                element.value += Array.from(arguments).map(function (arg) {","                    return typeof arg === 'string'","                        ? arg","                        : JSON.stringify(arg, null, 4);","                }).join(' ') + '\\n';","                // scroll textarea to bottom","                element.scrollTop = element.scrollHeight;","            };","        });","        // init event-handling","        ['change', 'click', 'keyup'].forEach(function (event) {","            Array.from(document.querySelectorAll('.on' + event)).forEach(function (element) {","                element.addEventListener(event, local.testRunBrowser);","            });","        });","        // run tests","        local.testRunBrowser();","        break;","","","","    // run node js-env code - post-init","    /* istanbul ignore next */","    case 'node':","        // export local","        module.exports = local;","        // require modules","        local.fs = require('fs');","        local.http = require('http');","        local.url = require('url');","        // init assets","        local.assetsDict = local.assetsDict || {};","        /* jslint-ignore-begin */","        local.assetsDict['/assets.index.template.html'] = '\\","<!doctype html>\\n\\","<html lang=\"en\">\\n\\","<head>\\n\\","<meta charset=\"UTF-8\">\\n\\","<meta name=\"viewport\" content=\"width=device-width, initial-scale=1\">\\n\\","<title>{{env.npm_package_name}} (v{{env.npm_package_version}})</title>\\n\\","<style>\\n\\","/*csslint\\n\\","    box-sizing: false,\\n\\","    universal-selector: false\\n\\","*/\\n\\","* {\\n\\","    box-sizing: border-box;\\n\\","}\\n\\","body {\\n\\","    background: #dde;\\n\\","    font-family: Arial, Helvetica, sans-serif;\\n\\","    margin: 2rem;\\n\\","}\\n\\","body > * {\\n\\","    margin-bottom: 1rem;\\n\\","}\\n\\",".utility2FooterDiv {\\n\\","    margin-top: 20px;\\n\\","    text-align: center;\\n\\","}\\n\\","</style>\\n\\","<style>\\n\\","/*csslint\\n\\","*/\\n\\","textarea {\\n\\","    font-family: monospace;\\n\\","    height: 10rem;\\n\\","    width: 100%;\\n\\","}\\n\\","textarea[readonly] {\\n\\","    background: #ddd;\\n\\","}\\n\\","</style>\\n\\","</head>\\n\\","<body>\\n\\","<!-- utility2-comment\\n\\","<div id=\"ajaxProgressDiv1\" style=\"background: #d00; height: 2px; left: 0; margin: 0; padding: 0; position: fixed; top: 0; transition: background 0.5s, width 1.5s; width: 25%;\"></div>\\n\\","utility2-comment -->\\n\\","<h1>\\n\\","<!-- utility2-comment\\n\\","    <a\\n\\","        {{#if env.npm_package_homepage}}\\n\\","        href=\"{{env.npm_package_homepage}}\"\\n\\","        {{/if env.npm_package_homepage}}\\n\\","        target=\"_blank\"\\n\\","    >\\n\\","utility2-comment -->\\n\\","        {{env.npm_package_name}} (v{{env.npm_package_version}})\\n\\","<!-- utility2-comment\\n\\","    </a>\\n\\","utility2-comment -->\\n\\","</h1>\\n\\","<h3>{{env.npm_package_description}}</h3>\\n\\","<!-- utility2-comment\\n\\","<h4><a download href=\"assets.app.js\">download standalone app</a></h4>\\n\\","<button class=\"onclick onreset\" id=\"testRunButton1\">run internal test</button><br>\\n\\","<div id=\"testReportDiv1\" style=\"display: none;\"></div>\\n\\","utility2-comment -->\\n\\","\\n\\","\\n\\","\\n\\","<label>stderr and stdout</label>\\n\\","<textarea class=\"resettable\" id=\"outputTextareaStdout1\" readonly></textarea>\\n\\","<!-- utility2-comment\\n\\","{{#if isRollup}}\\n\\","<script src=\"assets.app.js\"></script>\\n\\","{{#unless isRollup}}\\n\\","utility2-comment -->\\n\\","<script src=\"assets.utility2.rollup.js\"></script>\\n\\","<script src=\"jsonp.utility2._stateInit?callback=window.utility2._stateInit\"></script>\\n\\","<script src=\"assets.npmtest_vogels.rollup.js\"></script>\\n\\","<script src=\"assets.example.js\"></script>\\n\\","<script src=\"assets.test.js\"></script>\\n\\","<!-- utility2-comment\\n\\","{{/if isRollup}}\\n\\","utility2-comment -->\\n\\","<div class=\"utility2FooterDiv\">\\n\\","    [ this app was created with\\n\\","    <a href=\"https://github.com/kaizhu256/node-utility2\" target=\"_blank\">utility2</a>\\n\\","    ]\\n\\","</div>\\n\\","</body>\\n\\","</html>\\n\\","';","        /* jslint-ignore-end */","        if (local.templateRender) {","            local.assetsDict['/'] = local.templateRender(","                local.assetsDict['/assets.index.template.html'],","                {","                    env: local.objectSetDefault(local.env, {","                        npm_package_description: 'the greatest app in the world!',","                        npm_package_name: 'my-app',","                        npm_package_nameAlias: 'my_app',","                        npm_package_version: '0.0.1'","                    })","                }","            );","        } else {","            local.assetsDict['/'] = local.assetsDict['/assets.index.template.html']","                .replace((/\\{\\{env\\.(\\w+?)\\}\\}/g), function (match0, match1) {","                    // jslint-hack","                    String(match0);","                    switch (match1) {","                    case 'npm_package_description':","                        return 'the greatest app in the world!';","                    case 'npm_package_name':","                        return 'my-app';","                    case 'npm_package_nameAlias':","                        return 'my_app';","                    case 'npm_package_version':","                        return '0.0.1';","                    }","                });","        }","        // run the cli","        if (local.global.utility2_rollup || module !== require.main) {","            break;","        }","        local.assetsDict['/assets.example.js'] =","            local.assetsDict['/assets.example.js'] ||","            local.fs.readFileSync(__filename, 'utf8');","        // bug-workaround - long $npm_package_buildCustomOrg","        /* jslint-ignore-begin */","        local.assetsDict['/assets.npmtest_vogels.rollup.js'] =","            local.assetsDict['/assets.npmtest_vogels.rollup.js'] ||","            local.fs.readFileSync(","                local.npmtest_vogels.__dirname + '/lib.npmtest_vogels.js',","                'utf8'","            ).replace((/^#!/), '//');","        /* jslint-ignore-end */","        local.assetsDict['/favicon.ico'] = local.assetsDict['/favicon.ico'] || '';","        // if $npm_config_timeout_exit exists,","        // then exit this process after $npm_config_timeout_exit ms","        if (Number(process.env.npm_config_timeout_exit)) {","            setTimeout(process.exit, Number(process.env.npm_config_timeout_exit));","        }","        // start server","        if (local.global.utility2_serverHttp1) {","            break;","        }","        process.env.PORT = process.env.PORT || '8081';","        console.error('server starting on port ' + process.env.PORT);","        local.http.createServer(function (request, response) {","            request.urlParsed = local.url.parse(request.url);","            if (local.assetsDict[request.urlParsed.pathname] !== undefined) {","                response.end(local.assetsDict[request.urlParsed.pathname]);","                return;","            }","            response.statusCode = 404;","            response.end();","        }).listen(process.env.PORT);","        break;","    }","}());",""],"l":{"26":2,"28":2,"33":2,"35":2,"37":2,"38":2,"39":2,"44":1,"51":2,"55":2,"59":2,"61":2,"69":1,"70":2,"76":2,"79":2,"82":2,"83":2,"85":1,"89":2,"92":1,"93":1,"94":1,"96":1,"97":1,"100":1,"101":1,"103":1,"106":1,"108":2,"114":1,"116":1,"118":1,"123":1,"124":2,"125":2,"126":3,"127":3,"128":3,"129":3,"130":1,"133":3,"134":3,"139":3,"143":1,"144":3,"145":1,"149":1,"150":1,"158":1,"160":1,"161":1,"162":1,"164":1,"166":1,"258":1,"259":1,"271":1,"274":6,"275":6,"277":1,"279":2,"281":1,"283":2,"288":1,"289":1,"291":1,"296":1,"303":1,"306":1,"307":1,"310":1,"311":1,"313":1,"314":1,"315":1,"316":1,"317":1,"318":1,"319":1,"321":1,"322":1,"324":1}},"/home/travis/build/npmtest/node-npmtest-vogels/node_modules/vogels/index.js":{"path":"/home/travis/build/npmtest/node-npmtest-vogels/node_modules/vogels/index.js","s":{"1":1},"b":{},"f":{},"fnMap":{},"statementMap":{"1":{"start":{"line":3,"column":0},"end":{"line":3,"column":34}}},"branchMap":{},"code":["'use strict';","","module.exports = require('./lib');",""],"l":{"3":1}},"/home/travis/build/npmtest/node-npmtest-vogels/node_modules/vogels/lib/index.js":{"path":"/home/travis/build/npmtest/node-npmtest-vogels/node_modules/vogels/lib/index.js","s":{"1":1,"2":1,"3":1,"4":1,"5":1,"6":1,"7":0,"8":0,"9":0,"10":0,"11":0,"12":0,"13":1,"14":0,"15":0,"16":0,"17":0,"18":0,"19":0,"20":1,"21":0,"22":0,"23":1,"24":0,"25":0,"26":0,"27":0,"28":1,"29":0,"30":0,"31":0,"32":0,"33":0,"34":0,"35":0,"36":0,"37":0,"38":0,"39":0,"40":0,"41":0,"42":0,"43":0,"44":0,"45":0,"46":0,"47":0,"48":0,"49":0,"50":0,"51":0,"52":0,"53":0,"54":0,"55":0,"56":0,"57":0,"58":0,"59":0,"60":0,"61":0,"62":0,"63":0,"64":0,"65":1,"66":0,"67":0,"68":1,"69":1,"70":1,"71":0,"72":1,"73":0,"74":0,"75":0,"76":0,"77":0,"78":1,"79":0,"80":0,"81":0,"82":1,"83":0,"84":0,"85":0,"86":0,"87":0,"88":0,"89":1,"90":1},"b":{"1":[0,0],"2":[0,0],"3":[0,0],"4":[0,0],"5":[0,0],"6":[0,0],"7":[0,0],"8":[0,0],"9":[0,0],"10":[0,0],"11":[0,0],"12":[0,0],"13":[0,0],"14":[0,0],"15":[0,0],"16":[0,0]},"f":{"1":0,"2":0,"3":0,"4":0,"5":0,"6":0,"7":0,"8":0,"9":0,"10":0,"11":1,"12":0,"13":0,"14":0,"15":0},"fnMap":{"1":{"name":"(anonymous_1)","line":27,"loc":{"start":{"line":27,"column":47},"end":{"line":27,"column":65}}},"2":{"name":"(anonymous_2)","line":40,"loc":{"start":{"line":40,"column":51},"end":{"line":40,"column":72}}},"3":{"name":"(anonymous_3)","line":52,"loc":{"start":{"line":52,"column":48},"end":{"line":52,"column":69}}},"4":{"name":"(anonymous_4)","line":53,"loc":{"start":{"line":53,"column":24},"end":{"line":53,"column":41}}},"5":{"name":"(anonymous_5)","line":58,"loc":{"start":{"line":58,"column":26},"end":{"line":58,"column":44}}},"6":{"name":"(anonymous_6)","line":68,"loc":{"start":{"line":68,"column":25},"end":{"line":68,"column":49}}},"7":{"name":"(anonymous_7)","line":77,"loc":{"start":{"line":77,"column":14},"end":{"line":77,"column":31}}},"8":{"name":"(anonymous_8)","line":110,"loc":{"start":{"line":110,"column":38},"end":{"line":110,"column":48}}},"9":{"name":"(anonymous_9)","line":114,"loc":{"start":{"line":114,"column":17},"end":{"line":114,"column":34}}},"10":{"name":"(anonymous_10)","line":133,"loc":{"start":{"line":133,"column":21},"end":{"line":133,"column":44}}},"11":{"name":"(anonymous_11)","line":139,"loc":{"start":{"line":139,"column":15},"end":{"line":139,"column":27}}},"12":{"name":"(anonymous_12)","line":143,"loc":{"start":{"line":143,"column":13},"end":{"line":143,"column":25}}},"13":{"name":"(anonymous_13)","line":147,"loc":{"start":{"line":147,"column":16},"end":{"line":147,"column":45}}},"14":{"name":"(anonymous_14)","line":159,"loc":{"start":{"line":159,"column":15},"end":{"line":159,"column":37}}},"15":{"name":"(anonymous_15)","line":167,"loc":{"start":{"line":167,"column":22},"end":{"line":167,"column":51}}}},"statementMap":{"1":{"start":{"line":3,"column":0},"end":{"line":13,"column":37}},"2":{"start":{"line":15,"column":0},"end":{"line":15,"column":28}},"3":{"start":{"line":17,"column":0},"end":{"line":17,"column":17}},"4":{"start":{"line":19,"column":0},"end":{"line":19,"column":19}},"5":{"start":{"line":21,"column":0},"end":{"line":25,"column":3}},"6":{"start":{"line":27,"column":0},"end":{"line":38,"column":2}},"7":{"start":{"line":28,"column":2},"end":{"line":35,"column":3}},"8":{"start":{"line":29,"column":4},"end":{"line":29,"column":32}},"9":{"start":{"line":31,"column":4},"end":{"line":31,"column":52}},"10":{"start":{"line":32,"column":4},"end":{"line":32,"column":61}},"11":{"start":{"line":34,"column":4},"end":{"line":34,"column":99}},"12":{"start":{"line":37,"column":2},"end":{"line":37,"column":28}},"13":{"start":{"line":40,"column":0},"end":{"line":50,"column":2}},"14":{"start":{"line":41,"column":2},"end":{"line":47,"column":3}},"15":{"start":{"line":42,"column":4},"end":{"line":42,"column":36}},"16":{"start":{"line":43,"column":4},"end":{"line":43,"column":43}},"17":{"start":{"line":44,"column":4},"end":{"line":44,"column":61}},"18":{"start":{"line":46,"column":4},"end":{"line":46,"column":30}},"19":{"start":{"line":49,"column":2},"end":{"line":49,"column":29}},"20":{"start":{"line":52,"column":0},"end":{"line":56,"column":2}},"21":{"start":{"line":53,"column":2},"end":{"line":55,"column":5}},"22":{"start":{"line":54,"column":4},"end":{"line":54,"column":41}},"23":{"start":{"line":58,"column":0},"end":{"line":66,"column":2}},"24":{"start":{"line":59,"column":2},"end":{"line":63,"column":3}},"25":{"start":{"line":60,"column":4},"end":{"line":60,"column":60}},"26":{"start":{"line":62,"column":4},"end":{"line":62,"column":101}},"27":{"start":{"line":65,"column":2},"end":{"line":65,"column":29}},"28":{"start":{"line":68,"column":0},"end":{"line":131,"column":2}},"29":{"start":{"line":71,"column":2},"end":{"line":71,"column":43}},"30":{"start":{"line":73,"column":2},"end":{"line":73,"column":44}},"31":{"start":{"line":75,"column":2},"end":{"line":75,"column":87}},"32":{"start":{"line":77,"column":2},"end":{"line":79,"column":4}},"33":{"start":{"line":78,"column":4},"end":{"line":78,"column":34}},"34":{"start":{"line":81,"column":2},"end":{"line":81,"column":29}},"35":{"start":{"line":83,"column":2},"end":{"line":83,"column":48}},"36":{"start":{"line":84,"column":2},"end":{"line":84,"column":51}},"37":{"start":{"line":85,"column":2},"end":{"line":85,"column":51}},"38":{"start":{"line":86,"column":2},"end":{"line":86,"column":52}},"39":{"start":{"line":87,"column":2},"end":{"line":87,"column":50}},"40":{"start":{"line":88,"column":2},"end":{"line":88,"column":49}},"41":{"start":{"line":89,"column":2},"end":{"line":89,"column":57}},"42":{"start":{"line":91,"column":2},"end":{"line":91,"column":53}},"43":{"start":{"line":92,"column":2},"end":{"line":92,"column":58}},"44":{"start":{"line":95,"column":2},"end":{"line":95,"column":57}},"45":{"start":{"line":96,"column":2},"end":{"line":96,"column":57}},"46":{"start":{"line":97,"column":2},"end":{"line":97,"column":59}},"47":{"start":{"line":98,"column":2},"end":{"line":98,"column":57}},"48":{"start":{"line":99,"column":2},"end":{"line":99,"column":55}},"49":{"start":{"line":101,"column":2},"end":{"line":101,"column":28}},"50":{"start":{"line":103,"column":2},"end":{"line":103,"column":18}},"51":{"start":{"line":106,"column":2},"end":{"line":106,"column":44}},"52":{"start":{"line":107,"column":2},"end":{"line":107,"column":45}},"53":{"start":{"line":110,"column":2},"end":{"line":112,"column":5}},"54":{"start":{"line":111,"column":4},"end":{"line":111,"column":27}},"55":{"start":{"line":114,"column":2},"end":{"line":128,"column":4}},"56":{"start":{"line":115,"column":4},"end":{"line":115,"column":26}},"57":{"start":{"line":117,"column":4},"end":{"line":119,"column":5}},"58":{"start":{"line":118,"column":6},"end":{"line":118,"column":43}},"59":{"start":{"line":121,"column":4},"end":{"line":125,"column":5}},"60":{"start":{"line":122,"column":6},"end":{"line":122,"column":41}},"61":{"start":{"line":123,"column":11},"end":{"line":125,"column":5}},"62":{"start":{"line":124,"column":6},"end":{"line":124,"column":68}},"63":{"start":{"line":127,"column":4},"end":{"line":127,"column":24}},"64":{"start":{"line":130,"column":2},"end":{"line":130,"column":35}},"65":{"start":{"line":133,"column":0},"end":{"line":137,"column":2}},"66":{"start":{"line":134,"column":2},"end":{"line":134,"column":30}},"67":{"start":{"line":136,"column":2},"end":{"line":136,"column":29}},"68":{"start":{"line":139,"column":0},"end":{"line":141,"column":2}},"69":{"start":{"line":140,"column":2},"end":{"line":140,"column":21}},"70":{"start":{"line":143,"column":0},"end":{"line":145,"column":2}},"71":{"start":{"line":144,"column":2},"end":{"line":144,"column":77}},"72":{"start":{"line":147,"column":0},"end":{"line":157,"column":2}},"73":{"start":{"line":148,"column":2},"end":{"line":150,"column":3}},"74":{"start":{"line":149,"column":4},"end":{"line":149,"column":84}},"75":{"start":{"line":152,"column":2},"end":{"line":152,"column":34}},"76":{"start":{"line":154,"column":2},"end":{"line":154,"column":64}},"77":{"start":{"line":156,"column":2},"end":{"line":156,"column":23}},"78":{"start":{"line":159,"column":0},"end":{"line":165,"column":2}},"79":{"start":{"line":160,"column":2},"end":{"line":162,"column":3}},"80":{"start":{"line":161,"column":4},"end":{"line":161,"column":36}},"81":{"start":{"line":164,"column":2},"end":{"line":164,"column":37}},"82":{"start":{"line":167,"column":0},"end":{"line":177,"column":2}},"83":{"start":{"line":168,"column":2},"end":{"line":171,"column":3}},"84":{"start":{"line":169,"column":4},"end":{"line":169,"column":23}},"85":{"start":{"line":170,"column":4},"end":{"line":170,"column":17}},"86":{"start":{"line":173,"column":2},"end":{"line":173,"column":32}},"87":{"start":{"line":174,"column":2},"end":{"line":174,"column":26}},"88":{"start":{"line":176,"column":2},"end":{"line":176,"column":56}},"89":{"start":{"line":179,"column":0},"end":{"line":179,"column":28}},"90":{"start":{"line":181,"column":0},"end":{"line":181,"column":15}}},"branchMap":{"1":{"line":28,"type":"if","locations":[{"start":{"line":28,"column":2},"end":{"line":28,"column":2}},{"start":{"line":28,"column":2},"end":{"line":28,"column":2}}]},"2":{"line":34,"type":"binary-expr","locations":[{"start":{"line":34,"column":25},"end":{"line":34,"column":43}},{"start":{"line":34,"column":47},"end":{"line":34,"column":98}}]},"3":{"line":41,"type":"if","locations":[{"start":{"line":41,"column":2},"end":{"line":41,"column":2}},{"start":{"line":41,"column":2},"end":{"line":41,"column":2}}]},"4":{"line":59,"type":"if","locations":[{"start":{"line":59,"column":2},"end":{"line":59,"column":2}},{"start":{"line":59,"column":2},"end":{"line":59,"column":2}}]},"5":{"line":62,"type":"binary-expr","locations":[{"start":{"line":62,"column":26},"end":{"line":62,"column":45}},{"start":{"line":62,"column":49},"end":{"line":62,"column":100}}]},"6":{"line":115,"type":"binary-expr","locations":[{"start":{"line":115,"column":13},"end":{"line":115,"column":19}},{"start":{"line":115,"column":23},"end":{"line":115,"column":25}}]},"7":{"line":117,"type":"if","locations":[{"start":{"line":117,"column":4},"end":{"line":117,"column":4}},{"start":{"line":117,"column":4},"end":{"line":117,"column":4}}]},"8":{"line":121,"type":"if","locations":[{"start":{"line":121,"column":4},"end":{"line":121,"column":4}},{"start":{"line":121,"column":4},"end":{"line":121,"column":4}}]},"9":{"line":123,"type":"if","locations":[{"start":{"line":123,"column":11},"end":{"line":123,"column":11}},{"start":{"line":123,"column":11},"end":{"line":123,"column":11}}]},"10":{"line":148,"type":"if","locations":[{"start":{"line":148,"column":2},"end":{"line":148,"column":2}},{"start":{"line":148,"column":2},"end":{"line":148,"column":2}}]},"11":{"line":160,"type":"if","locations":[{"start":{"line":160,"column":2},"end":{"line":160,"column":2}},{"start":{"line":160,"column":2},"end":{"line":160,"column":2}}]},"12":{"line":164,"type":"binary-expr","locations":[{"start":{"line":164,"column":9},"end":{"line":164,"column":28}},{"start":{"line":164,"column":32},"end":{"line":164,"column":36}}]},"13":{"line":168,"type":"if","locations":[{"start":{"line":168,"column":2},"end":{"line":168,"column":2}},{"start":{"line":168,"column":2},"end":{"line":168,"column":2}}]},"14":{"line":168,"type":"binary-expr","locations":[{"start":{"line":168,"column":6},"end":{"line":168,"column":35}},{"start":{"line":168,"column":39},"end":{"line":168,"column":48}}]},"15":{"line":173,"type":"binary-expr","locations":[{"start":{"line":173,"column":13},"end":{"line":173,"column":21}},{"start":{"line":173,"column":25},"end":{"line":173,"column":31}}]},"16":{"line":174,"type":"binary-expr","locations":[{"start":{"line":174,"column":12},"end":{"line":174,"column":19}},{"start":{"line":174,"column":23},"end":{"line":174,"column":25}}]}},"code":["'use strict';","","var _            = require('lodash'),","    util         = require('util'),","    AWS          = require('aws-sdk'),","    DocClient    = AWS.DynamoDB.DocumentClient,","    Table        = require('./table'),","    Schema       = require('./schema'),","    serializer   = require('./serializer'),","    batch        = require('./batch'),","    Item         = require('./item'),","    createTables = require('./createTables'),","    bunyan       = require('bunyan');","","var vogels = module.exports;","","vogels.AWS = AWS;","","var internals = {};","","vogels.log = bunyan.createLogger({","  name: 'vogels',","  serializers : {err: bunyan.stdSerializers.err},","  level : bunyan.FATAL","});","","vogels.dynamoDriver = internals.dynamoDriver = function (driver) {","  if(driver) {","    internals.dynamodb = driver;","","    var docClient = internals.loadDocClient(driver);","    internals.updateDynamoDBDocClientForAllModels(docClient);","  } else {","    internals.dynamodb = internals.dynamodb || new vogels.AWS.DynamoDB({apiVersion: '2012-08-10'});","  }","","  return internals.dynamodb;","};","","vogels.documentClient = internals.documentClient = function (docClient) {","  if(docClient) {","    internals.docClient = docClient;","    internals.dynamodb = docClient.service;","    internals.updateDynamoDBDocClientForAllModels(docClient);","  } else {","    internals.loadDocClient();","  }","","  return internals.docClient;","};","","internals.updateDynamoDBDocClientForAllModels = function (docClient) {","  _.each(vogels.models, function (model) {","    model.config({docClient: docClient});","  });","};","","internals.loadDocClient = function (driver) {","  if(driver) {","    internals.docClient = new DocClient({service : driver});","  } else {","    internals.docClient = internals.docClient || new DocClient({service : internals.dynamoDriver()});","  }","","  return internals.docClient;","};","","internals.compileModel = function (name, schema) {","","  // extremly simple table names","  var tableName = name.toLowerCase() + 's';","","  var log = vogels.log.child({model: name});","","  var table = new Table(tableName, schema, serializer, internals.loadDocClient(), log);","","  var Model = function (attrs) {","    Item.call(this, attrs, table);","  };","","  util.inherits(Model, Item);","","  Model.get          = _.bind(table.get, table);","  Model.create       = _.bind(table.create, table);","  Model.update       = _.bind(table.update, table);","  Model.destroy      = _.bind(table.destroy, table);","  Model.query        = _.bind(table.query, table);","  Model.scan         = _.bind(table.scan, table);","  Model.parallelScan = _.bind(table.parallelScan, table);","","  Model.getItems = batch(table, serializer).getItems;","  Model.batchGetItems = batch(table, serializer).getItems;","","  // table ddl methods","  Model.createTable   = _.bind(table.createTable, table);","  Model.updateTable   = _.bind(table.updateTable, table);","  Model.describeTable = _.bind(table.describeTable, table);","  Model.deleteTable   = _.bind(table.deleteTable, table);","  Model.tableName     = _.bind(table.tableName, table);","","  table.itemFactory = Model;","","  Model.log = log;","","  // hooks","  Model.after  = _.bind(table.after, table);","  Model.before = _.bind(table.before, table);","","  /* jshint camelcase:false */","  Model.__defineGetter__('docClient', function(){","    return table.docClient;","  });","","  Model.config = function(config) {","    config = config || {};","","    if(config.tableName) {","      table.config.name = config.tableName;","    }","","    if (config.docClient) {","      table.docClient = config.docClient;","    } else if (config.dynamodb) {","      table.docClient = new DocClient({ service : config.dynamodb});","    }","","    return table.config;","  };","","  return vogels.model(name, Model);","};","","internals.addModel = function (name, model) {","  vogels.models[name] = model;","","  return vogels.models[name];","};","","vogels.reset = function () {","  vogels.models = {};","};","","vogels.Set = function () {","  return internals.docClient.createSet.apply(internals.docClient, arguments);","};","","vogels.define = function (modelName, config) {","  if(_.isFunction(config)) {","    throw new Error('define no longer accepts schema callback, migrate to new api');","  }","","  var schema = new Schema(config);","","  var compiledTable = internals.compileModel(modelName, schema);","","  return compiledTable;","};","","vogels.model = function(name, model) {","  if(model) {","    internals.addModel(name, model);","  }","","  return vogels.models[name] || null;","};","","vogels.createTables = function (options, callback) {","  if (typeof options === 'function' && !callback) {","    callback = options;","    options = {};","  }","","  callback = callback || _.noop;","  options = options || {};","","  return createTables(vogels.models, options, callback);","};","","vogels.types = Schema.types;","","vogels.reset();",""],"l":{"3":1,"15":1,"17":1,"19":1,"21":1,"27":1,"28":0,"29":0,"31":0,"32":0,"34":0,"37":0,"40":1,"41":0,"42":0,"43":0,"44":0,"46":0,"49":0,"52":1,"53":0,"54":0,"58":1,"59":0,"60":0,"62":0,"65":0,"68":1,"71":0,"73":0,"75":0,"77":0,"78":0,"81":0,"83":0,"84":0,"85":0,"86":0,"87":0,"88":0,"89":0,"91":0,"92":0,"95":0,"96":0,"97":0,"98":0,"99":0,"101":0,"103":0,"106":0,"107":0,"110":0,"111":0,"114":0,"115":0,"117":0,"118":0,"121":0,"122":0,"123":0,"124":0,"127":0,"130":0,"133":1,"134":0,"136":0,"139":1,"140":1,"143":1,"144":0,"147":1,"148":0,"149":0,"152":0,"154":0,"156":0,"159":1,"160":0,"161":0,"164":0,"167":1,"168":0,"169":0,"170":0,"173":0,"174":0,"176":0,"179":1,"181":1}},"/home/travis/build/npmtest/node-npmtest-vogels/node_modules/vogels/lib/table.js":{"path":"/home/travis/build/npmtest/node-npmtest-vogels/node_modules/vogels/lib/table.js","s":{"1":1,"2":1,"3":1,"4":0,"5":0,"6":0,"7":0,"8":0,"9":0,"10":0,"11":0,"12":0,"13":1,"14":0,"15":0,"16":0,"17":0,"18":1,"19":0,"20":0,"21":0,"22":0,"23":0,"24":1,"25":0,"26":0,"27":0,"28":0,"29":0,"30":0,"31":0,"32":0,"33":0,"34":0,"35":0,"36":0,"37":0,"38":0,"39":0,"40":1,"41":0,"42":0,"43":0,"44":0,"45":0,"46":0,"47":0,"48":0,"49":0,"50":0,"51":0,"52":0,"53":0,"54":0,"55":0,"56":0,"57":0,"58":0,"59":0,"60":0,"61":0,"62":1,"63":0,"64":0,"65":1,"66":0,"67":0,"68":0,"69":0,"70":0,"71":0,"72":0,"73":0,"74":0,"75":0,"76":1,"77":0,"78":0,"79":0,"80":0,"81":0,"82":0,"83":0,"84":0,"85":0,"86":0,"87":0,"88":0,"89":0,"90":0,"91":0,"92":0,"93":0,"94":0,"95":0,"96":0,"97":0,"98":0,"99":0,"100":0,"101":0,"102":0,"103":0,"104":0,"105":0,"106":0,"107":0,"108":1,"109":0,"110":0,"111":0,"112":0,"113":0,"114":0,"115":0,"116":0,"117":0,"118":0,"119":0,"120":0,"121":1,"122":0,"123":0,"124":0,"125":0,"126":0,"127":0,"128":0,"129":0,"130":0,"131":0,"132":0,"133":0,"134":0,"135":0,"136":0,"137":0,"138":0,"139":0,"140":0,"141":0,"142":0,"143":0,"144":0,"145":0,"146":0,"147":0,"148":0,"149":0,"150":0,"151":0,"152":0,"153":0,"154":0,"155":0,"156":0,"157":0,"158":0,"159":0,"160":0,"161":1,"162":0,"163":0,"164":0,"165":0,"166":0,"167":0,"168":0,"169":0,"170":0,"171":0,"172":0,"173":0,"174":0,"175":0,"176":0,"177":0,"178":0,"179":0,"180":0,"181":1,"182":0,"183":0,"184":0,"185":0,"186":0,"187":0,"188":0,"189":0,"190":0,"191":0,"192":0,"193":0,"194":0,"195":0,"196":0,"197":0,"198":0,"199":0,"200":0,"201":0,"202":0,"203":0,"204":0,"205":0,"206":0,"207":0,"208":0,"209":0,"210":0,"211":0,"212":0,"213":0,"214":0,"215":0,"216":1,"217":0,"218":0,"219":1,"220":0,"221":0,"222":1,"223":0,"224":0,"225":1,"226":0,"227":0,"228":0,"229":0,"230":0,"231":0,"232":0,"233":0,"234":0,"235":0,"236":0,"237":0,"238":1,"239":0,"240":0,"241":1,"242":0,"243":0,"244":1,"245":0,"246":0,"247":1,"248":0,"249":0,"250":0,"251":0,"252":1,"253":0,"254":0,"255":0,"256":0,"257":1,"258":0,"259":0,"260":1,"261":0,"262":0,"263":1,"264":0,"265":0,"266":0,"267":0,"268":0,"269":0,"270":0,"271":0,"272":0,"273":0,"274":0,"275":0,"276":0,"277":0,"278":0,"279":0,"280":0,"281":0,"282":0,"283":0,"284":0,"285":0,"286":0,"287":0,"288":0,"289":0,"290":1,"291":0,"292":0,"293":1,"294":0,"295":0,"296":0,"297":1,"298":0,"299":0,"300":0,"301":0,"302":0,"303":0,"304":0,"305":1,"306":0,"307":0,"308":0,"309":0,"310":0,"311":0,"312":0,"313":0,"314":0,"315":0,"316":0,"317":1,"318":0,"319":0,"320":0,"321":0,"322":0,"323":0,"324":0,"325":0,"326":0,"327":0,"328":0,"329":0,"330":0,"331":0,"332":0,"333":0,"334":0,"335":0,"336":0,"337":0,"338":1,"339":0,"340":0,"341":0,"342":0,"343":0,"344":0,"345":0,"346":0,"347":0},"b":{"1":[0,0],"2":[0,0],"3":[0,0],"4":[0,0],"5":[0,0],"6":[0,0],"7":[0,0],"8":[0,0,0],"9":[0,0],"10":[0,0],"11":[0,0],"12":[0,0],"13":[0,0],"14":[0,0],"15":[0,0],"16":[0,0],"17":[0,0],"18":[0,0],"19":[0,0],"20":[0,0],"21":[0,0],"22":[0,0,0],"23":[0,0],"24":[0,0],"25":[0,0],"26":[0,0],"27":[0,0],"28":[0,0],"29":[0,0],"30":[0,0],"31":[0,0],"32":[0,0],"33":[0,0],"34":[0,0],"35":[0,0],"36":[0,0],"37":[0,0],"38":[0,0,0],"39":[0,0],"40":[0,0],"41":[0,0],"42":[0,0],"43":[0,0],"44":[0,0],"45":[0,0],"46":[0,0],"47":[0,0],"48":[0,0,0],"49":[0,0],"50":[0,0,0],"51":[0,0],"52":[0,0],"53":[0,0],"54":[0,0],"55":[0,0,0],"56":[0,0],"57":[0,0],"58":[0,0],"59":[0,0],"60":[0,0],"61":[0,0],"62":[0,0],"63":[0,0],"64":[0,0],"65":[0,0],"66":[0,0],"67":[0,0],"68":[0,0],"69":[0,0],"70":[0,0],"71":[0,0],"72":[0,0],"73":[0,0],"74":[0,0],"75":[0,0],"76":[0,0],"77":[0,0],"78":[0,0],"79":[0,0],"80":[0,0],"81":[0,0],"82":[0,0],"83":[0,0],"84":[0,0],"85":[0,0],"86":[0,0],"87":[0,0],"88":[0,0],"89":[0,0],"90":[0,0],"91":[0,0],"92":[0,0],"93":[0,0],"94":[0,0],"95":[0,0],"96":[0,0],"97":[0,0],"98":[0,0],"99":[0,0],"100":[0,0],"101":[0,0],"102":[0,0],"103":[0,0],"104":[0,0],"105":[0,0],"106":[0,0],"107":[0,0]},"f":{"1":0,"2":0,"3":0,"4":0,"5":0,"6":0,"7":0,"8":0,"9":0,"10":0,"11":0,"12":0,"13":0,"14":0,"15":0,"16":0,"17":0,"18":0,"19":0,"20":0,"21":0,"22":0,"23":0,"24":0,"25":0,"26":0,"27":0,"28":0,"29":0,"30":0,"31":0,"32":0,"33":0,"34":0,"35":0,"36":0,"37":0,"38":0,"39":0,"40":0,"41":0,"42":0,"43":0,"44":0,"45":0,"46":0,"47":0,"48":0,"49":0,"50":0},"fnMap":{"1":{"name":"(anonymous_1)","line":15,"loc":{"start":{"line":15,"column":29},"end":{"line":15,"column":84}}},"2":{"name":"(anonymous_2)","line":29,"loc":{"start":{"line":29,"column":27},"end":{"line":29,"column":44}}},"3":{"name":"(anonymous_3)","line":39,"loc":{"start":{"line":39,"column":28},"end":{"line":39,"column":40}}},"4":{"name":"(anonymous_4)","line":51,"loc":{"start":{"line":51,"column":30},"end":{"line":51,"column":66}}},"5":{"name":"(anonymous_5)","line":64,"loc":{"start":{"line":64,"column":38},"end":{"line":64,"column":59}}},"6":{"name":"(anonymous_6)","line":77,"loc":{"start":{"line":77,"column":22},"end":{"line":77,"column":70}}},"7":{"name":"(anonymous_7)","line":100,"loc":{"start":{"line":100,"column":34},"end":{"line":100,"column":55}}},"8":{"name":"(anonymous_8)","line":114,"loc":{"start":{"line":114,"column":28},"end":{"line":114,"column":71}}},"9":{"name":"(anonymous_9)","line":120,"loc":{"start":{"line":120,"column":25},"end":{"line":120,"column":60}}},"10":{"name":"(anonymous_10)","line":132,"loc":{"start":{"line":132,"column":20},"end":{"line":132,"column":46}}},"11":{"name":"(anonymous_11)","line":140,"loc":{"start":{"line":140,"column":23},"end":{"line":140,"column":65}}},"12":{"name":"(anonymous_12)","line":143,"loc":{"start":{"line":143,"column":14},"end":{"line":143,"column":34}}},"13":{"name":"(anonymous_13)","line":155,"loc":{"start":{"line":155,"column":51},"end":{"line":155,"column":72}}},"14":{"name":"(anonymous_14)","line":179,"loc":{"start":{"line":179,"column":91},"end":{"line":179,"column":114}}},"15":{"name":"(anonymous_15)","line":191,"loc":{"start":{"line":191,"column":36},"end":{"line":191,"column":51}}},"16":{"name":"(anonymous_16)","line":204,"loc":{"start":{"line":204,"column":30},"end":{"line":204,"column":63}}},"17":{"name":"(anonymous_17)","line":210,"loc":{"start":{"line":210,"column":39},"end":{"line":210,"column":67}}},"18":{"name":"(anonymous_18)","line":234,"loc":{"start":{"line":234,"column":25},"end":{"line":234,"column":60}}},"19":{"name":"(anonymous_19)","line":245,"loc":{"start":{"line":245,"column":14},"end":{"line":245,"column":34}}},"20":{"name":"(anonymous_20)","line":255,"loc":{"start":{"line":255,"column":51},"end":{"line":255,"column":72}}},"21":{"name":"(anonymous_21)","line":293,"loc":{"start":{"line":293,"column":39},"end":{"line":293,"column":60}}},"22":{"name":"(anonymous_22)","line":310,"loc":{"start":{"line":310,"column":35},"end":{"line":310,"column":73}}},"23":{"name":"(anonymous_23)","line":311,"loc":{"start":{"line":311,"column":29},"end":{"line":311,"column":49}}},"24":{"name":"(anonymous_24)","line":341,"loc":{"start":{"line":341,"column":26},"end":{"line":341,"column":74}}},"25":{"name":"(anonymous_25)","line":382,"loc":{"start":{"line":382,"column":37},"end":{"line":382,"column":58}}},"26":{"name":"(anonymous_26)","line":397,"loc":{"start":{"line":397,"column":24},"end":{"line":397,"column":43}}},"27":{"name":"(anonymous_27)","line":403,"loc":{"start":{"line":403,"column":23},"end":{"line":403,"column":35}}},"28":{"name":"(anonymous_28)","line":409,"loc":{"start":{"line":409,"column":30},"end":{"line":409,"column":55}}},"29":{"name":"(anonymous_29)","line":416,"loc":{"start":{"line":416,"column":29},"end":{"line":416,"column":56}}},"30":{"name":"(anonymous_30)","line":417,"loc":{"start":{"line":417,"column":9},"end":{"line":417,"column":30}}},"31":{"name":"(anonymous_31)","line":424,"loc":{"start":{"line":424,"column":39},"end":{"line":424,"column":51}}},"32":{"name":"(anonymous_32)","line":442,"loc":{"start":{"line":442,"column":27},"end":{"line":442,"column":54}}},"33":{"name":"(anonymous_33)","line":448,"loc":{"start":{"line":448,"column":26},"end":{"line":448,"column":53}}},"34":{"name":"(anonymous_34)","line":454,"loc":{"start":{"line":454,"column":35},"end":{"line":454,"column":63}}},"35":{"name":"(anonymous_35)","line":460,"loc":{"start":{"line":460,"column":32},"end":{"line":460,"column":55}}},"36":{"name":"(anonymous_36)","line":473,"loc":{"start":{"line":473,"column":22},"end":{"line":473,"column":51}}},"37":{"name":"(anonymous_37)","line":489,"loc":{"start":{"line":489,"column":27},"end":{"line":489,"column":53}}},"38":{"name":"(anonymous_38)","line":499,"loc":{"start":{"line":499,"column":24},"end":{"line":499,"column":53}}},"39":{"name":"(anonymous_39)","line":513,"loc":{"start":{"line":513,"column":30},"end":{"line":513,"column":59}}},"40":{"name":"(anonymous_40)","line":530,"loc":{"start":{"line":530,"column":42},"end":{"line":530,"column":60}}},"41":{"name":"(anonymous_41)","line":537,"loc":{"start":{"line":537,"column":39},"end":{"line":537,"column":68}}},"42":{"name":"(anonymous_42)","line":573,"loc":{"start":{"line":573,"column":32},"end":{"line":573,"column":52}}},"43":{"name":"(anonymous_43)","line":582,"loc":{"start":{"line":582,"column":30},"end":{"line":582,"column":50}}},"44":{"name":"(anonymous_44)","line":592,"loc":{"start":{"line":592,"column":30},"end":{"line":592,"column":62}}},"45":{"name":"(anonymous_45)","line":608,"loc":{"start":{"line":608,"column":32},"end":{"line":608,"column":71}}},"46":{"name":"(anonymous_46)","line":631,"loc":{"start":{"line":631,"column":24},"end":{"line":631,"column":51}}},"47":{"name":"(anonymous_47)","line":634,"loc":{"start":{"line":634,"column":22},"end":{"line":634,"column":43}}},"48":{"name":"(anonymous_48)","line":647,"loc":{"start":{"line":647,"column":54},"end":{"line":647,"column":82}}},"49":{"name":"(anonymous_49)","line":675,"loc":{"start":{"line":675,"column":37},"end":{"line":675,"column":60}}},"50":{"name":"(anonymous_50)","line":683,"loc":{"start":{"line":683,"column":55},"end":{"line":683,"column":89}}}},"statementMap":{"1":{"start":{"line":3,"column":0},"end":{"line":11,"column":44}},"2":{"start":{"line":13,"column":0},"end":{"line":13,"column":19}},"3":{"start":{"line":15,"column":0},"end":{"line":27,"column":2}},"4":{"start":{"line":16,"column":2},"end":{"line":16,"column":30}},"5":{"start":{"line":17,"column":2},"end":{"line":17,"column":23}},"6":{"start":{"line":18,"column":2},"end":{"line":18,"column":31}},"7":{"start":{"line":19,"column":2},"end":{"line":19,"column":29}},"8":{"start":{"line":20,"column":2},"end":{"line":20,"column":20}},"9":{"start":{"line":22,"column":2},"end":{"line":22,"column":36}},"10":{"start":{"line":23,"column":2},"end":{"line":23,"column":51}},"11":{"start":{"line":25,"column":2},"end":{"line":25,"column":34}},"12":{"start":{"line":26,"column":2},"end":{"line":26,"column":48}},"13":{"start":{"line":29,"column":0},"end":{"line":37,"column":2}},"14":{"start":{"line":30,"column":2},"end":{"line":30,"column":18}},"15":{"start":{"line":32,"column":2},"end":{"line":36,"column":3}},"16":{"start":{"line":33,"column":4},"end":{"line":33,"column":39}},"17":{"start":{"line":35,"column":4},"end":{"line":35,"column":33}},"18":{"start":{"line":39,"column":0},"end":{"line":49,"column":2}},"19":{"start":{"line":40,"column":2},"end":{"line":48,"column":3}},"20":{"start":{"line":41,"column":4},"end":{"line":45,"column":5}},"21":{"start":{"line":42,"column":6},"end":{"line":42,"column":46}},"22":{"start":{"line":44,"column":6},"end":{"line":44,"column":35}},"23":{"start":{"line":47,"column":4},"end":{"line":47,"column":28}},"24":{"start":{"line":51,"column":0},"end":{"line":75,"column":2}},"25":{"start":{"line":52,"column":2},"end":{"line":52,"column":18}},"26":{"start":{"line":54,"column":2},"end":{"line":54,"column":13}},"27":{"start":{"line":55,"column":2},"end":{"line":59,"column":3}},"28":{"start":{"line":56,"column":4},"end":{"line":56,"column":28}},"29":{"start":{"line":57,"column":9},"end":{"line":59,"column":3}},"30":{"start":{"line":58,"column":4},"end":{"line":58,"column":36}},"31":{"start":{"line":61,"column":2},"end":{"line":61,"column
[...]
"153":0,"154":0,"157":1,"158":0,"159":0,"162":1,"163":0,"166":1,"167":0,"170":1,"171":0,"173":0,"176":1,"177":0,"178":0,"179":0,"180":0,"181":0,"183":0,"188":1,"189":0,"191":0}},"/home/travis/build/npmtest/node-npmtest-vogels/node_modules/vogels/lib/batch.js":{"path":"/home/travis/build/npmtest/node-npmtest-vogels/node_modules/vogels/lib/batch.js","s":{"1":1,"2":1,"3":1,"4":0,"5":0,"6":0,"7":1,"8":0,"9":0,"10":1,"11":0,"12":0,"13":0,"14":0,"15":0,"16":0,"17":1,"18":0,"19":0,"20":0,"21":0,"22":0,"23":0,"24":0,"25":0,"26":0,"27":0,"28":0,"29":0,"30":0,"31":0,"32":0,"33":0,"34":0,"35":1,"36":0,"37":0,"38":0,"39":0,"40":1,"41":0,"42":0,"43":0,"44":0,"45":0,"46":0,"47":0,"48":0,"49":0,"50":1,"51":0,"52":0,"53":0,"54":0,"55":0,"56":0,"57":0,"58":0,"59":0,"60":1,"61":0},"b":{"1":[0,0],"2":[0,0],"3":[0,0],"4":[0,0],"5":[0,0],"6":[0,0],"7":[0,0],"8":[0,0],"9":[0,0],"10":[0,0],"11":[0,0]},"f":{"1":0,"2":0,"3":0,"4":0,"5":0,"6":0,"7":0,"8":0,"9":0,"10":0,"11":0,"12":0,"13":0,"14":0,"15":0,"16":0,"17":0,"18":0,"19":0},"fnMap":{"1":{"name":"(anonymous_1)","line":8,"loc":{"start":{"line":8,"column":40},"end":{"line":8,"column":76}}},"2":{"name":"(anonymous_2)","line":16,"loc":{"start":{"line":16,"column":26},"end":{"line":16,"column":61}}},"3":{"name":"(anonymous_3)","line":17,"loc":{"start":{"line":17,"column":18},"end":{"line":17,"column":33}}},"4":{"name":"(anonymous_4)","line":22,"loc":{"start":{"line":22,"column":27},"end":{"line":22,"column":59}}},"5":{"name":"(anonymous_5)","line":30,"loc":{"start":{"line":30,"column":26},"end":{"line":30,"column":48}}},"6":{"name":"(anonymous_6)","line":39,"loc":{"start":{"line":39,"column":29},"end":{"line":39,"column":65}}},"7":{"name":"(anonymous_7)","line":42,"loc":{"start":{"line":42,"column":15},"end":{"line":42,"column":35}}},"8":{"name":"(anonymous_8)","line":44,"loc":{"start":{"line":44,"column":36},"end":{"line":44,"column":57}}},"9":{"name":"(anonymous_9)","line":58,"loc":{"start":{"line":58,"column":17},"end":{"line":58,"column":29}}},"10":{"name":"(anonymous_10)","line":62,"loc":{"start":{"line":62,"column":19},"end":{"line":62,"column":34}}},"11":{"name":"(anonymous_11)","line":73,"loc":{"start":{"line":73,"column":20},"end":{"line":73,"column":36}}},"12":{"name":"(anonymous_12)","line":83,"loc":{"start":{"line":83,"column":33},"end":{"line":83,"column":87}}},"13":{"name":"(anonymous_13)","line":88,"loc":{"start":{"line":88,"column":45},"end":{"line":88,"column":66}}},"14":{"name":"(anonymous_14)","line":95,"loc":{"start":{"line":95,"column":35},"end":{"line":95,"column":47}}},"15":{"name":"(anonymous_15)","line":103,"loc":{"start":{"line":103,"column":21},"end":{"line":103,"column":50}}},"16":{"name":"(anonymous_16)","line":105,"loc":{"start":{"line":105,"column":9},"end":{"line":105,"column":44}}},"17":{"name":"(anonymous_17)","line":112,"loc":{"start":{"line":112,"column":48},"end":{"line":112,"column":73}}},"18":{"name":"(anonymous_18)","line":114,"loc":{"start":{"line":114,"column":7},"end":{"line":114,"column":31}}},"19":{"name":"(anonymous_19)","line":125,"loc":{"start":{"line":125,"column":17},"end":{"line":125,"column":46}}}},"statementMap":{"1":{"start":{"line":3,"column":0},"end":{"line":4,"column":29}},"2":{"start":{"line":6,"column":0},"end":{"line":6,"column":19}},"3":{"start":{"line":8,"column":0},"end":{"line":14,"column":2}},"4":{"start":{"line":9,"column":2},"end":{"line":9,"column":19}},"5":{"start":{"line":11,"column":2},"end":{"line":11,"column":59}},"6":{"start":{"line":13,"column":2},"end":{"line":13,"column":36}},"7":{"start":{"line":16,"column":0},"end":{"line":20,"column":2}},"8":{"start":{"line":17,"column":2},"end":{"line":19,"column":5}},"9":{"start":{"line":18,"column":4},"end":{"line":18,"column":56}},"10":{"start":{"line":22,"column":0},"end":{"line":37,"column":2}},"11":{"start":{"line":23,"column":2},"end":{"line":26,"column":4}},"12":{"start":{"line":28,"column":2},"end":{"line":28,"column":33}},"13":{"start":{"line":30,"column":2},"end":{"line":36,"column":11}},"14":{"start":{"line":31,"column":4},"end":{"line":33,"column":5}},"15":{"start":{"line":32,"column":6},"end":{"line":32,"column":94}},"16":{"start":{"line":35,"column":4},"end":{"line":35,"column":16}},"17":{"start":{"line":39,"column":0},"end":{"line":71,"column":2}},"18":{"start":{"line":40,"column":2},"end":{"line":40,"column":21}},"19":{"start":{"line":42,"column":2},"end":{"line":56,"column":4}},"20":{"start":{"line":44,"column":4},"end":{"line":55,"column":7}},"21":{"start":{"line":45,"column":6},"end":{"line":49,"column":7}},"22":{"start":{"line":46,"column":8},"end":{"line":46,"column":26}},"23":{"start":{"line":47,"column":13},"end":{"line":49,"column":7}},"24":{"start":{"line":48,"column":8},"end":{"line":48,"column":29}},"25":{"start":{"line":51,"column":6},"end":{"line":51,"column":37}},"26":{"start":{"line":52,"column":6},"end":{"line":52,"column":27}},"27":{"start":{"line":54,"column":6},"end":{"line":54,"column":24}},"28":{"start":{"line":58,"column":2},"end":{"line":60,"column":4}},"29":{"start":{"line":59,"column":4},"end":{"line":59,"column":51}},"30":{"start":{"line":62,"column":2},"end":{"line":68,"column":4}},"31":{"start":{"line":63,"column":4},"end":{"line":65,"column":5}},"32":{"start":{"line":64,"column":6},"end":{"line":64,"column":27}},"33":{"start":{"line":67,"column":4},"end":{"line":67,"column":75}},"34":{"start":{"line":70,"column":2},"end":{"line":70,"column":47}},"35":{"start":{"line":73,"column":0},"end":{"line":81,"column":2}},"36":{"start":{"line":74,"column":2},"end":{"line":74,"column":19}},"37":{"start":{"line":76,"column":2},"end":{"line":78,"column":3}},"38":{"start":{"line":77,"column":4},"end":{"line":77,"column":40}},"39":{"start":{"line":80,"column":2},"end":{"line":80,"column":17}},"40":{"start":{"line":83,"column":0},"end":{"line":101,"column":2}},"41":{"start":{"line":84,"column":2},"end":{"line":84,"column":72}},"42":{"start":{"line":86,"column":2},"end":{"line":86,"column":98}},"43":{"start":{"line":88,"column":2},"end":{"line":100,"column":5}},"44":{"start":{"line":89,"column":4},"end":{"line":91,"column":5}},"45":{"start":{"line":90,"column":6},"end":{"line":90,"column":27}},"46":{"start":{"line":93,"column":4},"end":{"line":93,"column":56}},"47":{"start":{"line":95,"column":4},"end":{"line":97,"column":7}},"48":{"start":{"line":96,"column":6},"end":{"line":96,"column":59}},"49":{"start":{"line":99,"column":4},"end":{"line":99,"column":33}},"50":{"start":{"line":103,"column":0},"end":{"line":123,"column":2}},"51":{"start":{"line":105,"column":2},"end":{"line":121,"column":4}},"52":{"start":{"line":107,"column":4},"end":{"line":110,"column":5}},"53":{"start":{"line":108,"column":6},"end":{"line":108,"column":25}},"54":{"start":{"line":109,"column":6},"end":{"line":109,"column":19}},"55":{"start":{"line":112,"column":4},"end":{"line":120,"column":7}},"56":{"start":{"line":113,"column":6},"end":{"line":113,"column":80}},"57":{"start":{"line":115,"column":6},"end":{"line":117,"column":7}},"58":{"start":{"line":116,"column":8},"end":{"line":116,"column":29}},"59":{"start":{"line":119,"column":6},"end":{"line":119,"column":48}},"60":{"start":{"line":125,"column":0},"end":{"line":131,"column":2}},"61":{"start":{"line":127,"column":2},"end":{"line":129,"column":4}}},"branchMap":{"1":{"line":31,"type":"if","locations":[{"start":{"line":31,"column":4},"end":{"line":31,"column":4}},{"start":{"line":31,"column":4},"end":{"line":31,"column":4}}]},"2":{"line":31,"type":"binary-expr","locations":[{"start":{"line":31,"column":7},"end":{"line":31,"column":21}},{"start":{"line":31,"column":25},"end":{"line":31,"column":50}}]},"3":{"line":45,"type":"if","locations":[{"start":{"line":45,"column":6},"end":{"line":45,"column":6}},{"start":{"line":45,"column":6},"end":{"line":45,"column":6}}]},"4":{"line":45,"type":"binary-expr","locations":[{"start":{"line":45,"column":9},"end":{"line":45,"column":12}},{"start":{"line":45,"column":16},"end":{"line":45,"column":29}}]},"5":{"line":47,"type":"if","locations":[{"start":{"line":47,"column":13},"end":{"line":47,"column":13}},{"start":{"line":47,"column":13},"end":{"line":47,"column":13}}]},"6":{"line":59,"type":"binary-expr","locations":[{"start":{"line":59,"column":11},"end":{"line":59,"column":27}},{"start":{"line":59,"column":31},"end":{"line":59,"column":50}}]},"7":{"line":63,"type":"if","locations":[{"start":{"line":63,"column":4},"end":{"line":63,"column":4}},{"start":{"line":63,"column":4},"end":{"line":63,"column":4}}]},"8":{"line":89,"type":"if","locations":[{"start":{"line":89,"column":4},"end":{"line":89,"column":4}},{"start":{"line":89,"column":4},"end":{"line":89,"column":4}}]},"9":{"line":107,"type":"if","locations":[{"start":{"line":107,"column":4},"end":{"line":107,"column":4}},{"start":{"line":107,"column":4},"end":{"line":107,"column":4}}]},"10":{"line":107,"type":"binary-expr","locations":[{"start":{"line":107,"column":8},"end":{"line":107,"column":37}},{"start":{"line":107,"column":41},"end":{"line":107,"column":50}}]},"11":{"line":115,"type":"if","locations":[{"start":{"line":115,"column":6},"end":{"line":115,"column":6}},{"start":{"line":115,"column":6},"end":{"line":115,"column":6}}]}},"code":["'use strict';","","var _ = require('lodash'),","    async = require('async');","","var internals = {};","","internals.buildInitialGetItemsRequest = function (tableName, keys, options) {","  var request = {};","","  request[tableName] = _.merge({}, {Keys : keys}, options);","","  return { RequestItems : request };","};","","internals.serializeKeys = function (keys, table, serializer) {","  return keys.map(function (key) {","    return serializer.buildKey(key, null, table.schema);","  });","};","","internals.mergeResponses = function (tableName, responses) {","  var base = {","    Responses : {},","    ConsumedCapacity : []","  };","","  base.Responses[tableName] = [];","","  return responses.reduce(function (memo, resp) {","    if(resp.Responses && resp.Responses[tableName]) {","      memo.Responses[tableName] = memo.Responses[tableName].concat(resp.Responses[tableName]);","    }","","    return memo;","  }, base);","};","","internals.paginatedRequest = function (request, table, callback) {","  var responses = [];","","  var doFunc = function (callback) {","","    table.runBatchGetItems(request, function (err, resp) {","      if(err && err.retryable) {","        return callback();","      } else if(err) {","        return callback(err);","      }","","      request = resp.UnprocessedKeys;","      responses.push(resp);","","      return callback();","    });","  };","","  var testFunc = function () {","    return request !== null && !_.isEmpty(request);","  };","","  var resulsFunc = function (err) {","    if(err) {","      return callback(err);","    }","","    callback(null, internals.mergeResponses(table.tableName(), responses));","  };","","  async.doWhilst(doFunc, testFunc, resulsFunc);","};","","internals.buckets = function (keys) {","  var buckets = [];","","  while( keys.length ) {","    buckets.push( keys.splice(0, 100) );","  }","","  return buckets;","};","","internals.initialBatchGetItems = function (keys, table, serializer, options, callback) {","  var serializedKeys = internals.serializeKeys(keys, table, serializer);","","  var request = internals.buildInitialGetItemsRequest(table.tableName(), serializedKeys, options);","","  internals.paginatedRequest(request, table, function (err, data) {","    if(err) {","      return callback(err);","    }","","    var dynamoItems = data.Responses[table.tableName()];","","    var items = _.map(dynamoItems, function(i) {","      return table.initItem(serializer.deserializeItem(i));","    });","","    return callback(null, items);","  });","};","","internals.getItems = function (table, serializer) {","","  return function (keys, options, callback) {","","    if (typeof options === 'function' && !callback) {","      callback = options;","      options = {};","    }","","    async.map(internals.buckets(_.clone(keys)), function (key, callback) {","      internals.initialBatchGetItems(key, table, serializer, options, callback);","    }, function (err, results) {","      if(err) {","        return callback(err);","      }","","      return callback(null, _.flatten(results));","    });","  };","","};","","module.exports = function (table, serializer) {","","  return {","    getItems : internals.getItems(table, serializer)","  };","","};",""],"l":{"3":1,"6":1,"8":1,"9":0,"11":0,"13":0,"16":1,"17":0,"18":0,"22":1,"23":0,"28":0,"30":0,"31":0,"32":0,"35":0,"39":1,"40":0,"42":0,"44":0,"45":0,"46":0,"47":0,"48":0,"51":0,"52":0,"54":0,"58":0,"59":0,"62":0,"63":0,"64":0,"67":0,"70":0,"73":1,"74":0,"76":0,"77":0,"80":0,"83":1,"84":0,"86":0,"88":0,"89":0,"90":0,"93":0,"95":0,"96":0,"99":0,"103":1,"105":0,"107":0,"108":0,"109":0,"112":0,"113":0,"115":0,"116":0,"119":0,"125":1,"127":0}},"/home/travis/build/npmtest/node-npmtest-vogels/node_modules/vogels/lib/createTables.js":{"path":"/home/travis/build/npmtest/node-npmtest-vogels/node_modules/vogels/lib/createTables.js","s":{"1":1,"2":1,"3":1,"4":0,"5":0,"6":0,"7":0,"8":0,"9":0,"10":0,"11":0,"12":0,"13":0,"14":0,"15":0,"16":0,"17":0,"18":0,"19":0,"20":0,"21":1,"22":0,"23":0,"24":0,"25":0,"26":0,"27":0,"28":0,"29":0,"30":0,"31":1,"32":0,"33":0},"b":{"1":[0,0],"2":[0,0],"3":[0,0],"4":[0,0],"5":[0,0],"6":[0,0]},"f":{"1":0,"2":0,"3":0,"4":0,"5":0,"6":0,"7":0,"8":0,"9":0,"10":0,"11":0},"fnMap":{"1":{"name":"(anonymous_1)","line":8,"loc":{"start":{"line":8,"column":24},"end":{"line":8,"column":60}}},"2":{"name":"(anonymous_2)","line":13,"loc":{"start":{"line":13,"column":22},"end":{"line":13,"column":43}}},"3":{"name":"(anonymous_3)","line":16,"loc":{"start":{"line":16,"column":40},"end":{"line":16,"column":57}}},"4":{"name":"(anonymous_4)","line":27,"loc":{"start":{"line":27,"column":24},"end":{"line":27,"column":39}}},"5":{"name":"(anonymous_5)","line":40,"loc":{"start":{"line":40,"column":27},"end":{"line":40,"column":54}}},"6":{"name":"(anonymous_6)","line":44,"loc":{"start":{"line":44,"column":4},"end":{"line":44,"column":24}}},"7":{"name":"(anonymous_7)","line":45,"loc":{"start":{"line":45,"column":24},"end":{"line":45,"column":45}}},"8":{"name":"(anonymous_8)","line":55,"loc":{"start":{"line":55,"column":2},"end":{"line":55,"column":14}}},"9":{"name":"(anonymous_9)","line":56,"loc":{"start":{"line":56,"column":2},"end":{"line":56,"column":17}}},"10":{"name":"(anonymous_10)","line":61,"loc":{"start":{"line":61,"column":17},"end":{"line":61,"column":53}}},"11":{"name":"(anonymous_11)","line":62,"loc":{"start":{"line":62,"column":35},"end":{"line":62,"column":60}}}},"statementMap":{"1":{"start":{"line":3,"column":0},"end":{"line":4,"column":30}},"2":{"start":{"line":6,"column":0},"end":{"line":6,"column":19}},"3":{"start":{"line":8,"column":0},"end":{"line":38,"column":2}},"4":{"start":{"line":9,"column":2},"end":{"line":9,"column":26}},"5":{"start":{"line":11,"column":2},"end":{"line":11,"column":36}},"6":{"start":{"line":13,"column":2},"end":{"line":37,"column":5}},"7":{"start":{"line":14,"column":4},"end":{"line":36,"column":5}},"8":{"start":{"line":15,"column":6},"end":{"line":15,"column":54}},"9":{"start":{"line":16,"column":6},"end":{"line":25,"column":9}},"10":{"start":{"line":18,"column":8},"end":{"line":21,"column":9}},"11":{"start":{"line":19,"column":10},"end":{"line":19,"column":91}},"12":{"start":{"line":20,"column":10},"end":{"line":20,"column":33}},"13":{"start":{"line":23,"column":8},"end":{"line":23,"column":76}},"14":{"start":{"line":24,"column":8},"end":{"line":24,"column":50}},"15":{"start":{"line":27,"column":6},"end":{"line":35,"column":9}},"16":{"start":{"line":28,"column":8},"end":{"line":31,"column":9}},"17":{"start":{"line":29,"column":10},"end":{"line":29,"column":87}},"18":{"start":{"line":30,"column":10},"end":{"line":30,"column":31}},"19":{"start":{"line":33,"column":8},"end":{"line":33,"column":76}},"20":{"start":{"line":34,"column":8},"end":{"line":34,"column":50}},"21":{"start":{"line":40,"column":0},"end":{"line":59,"column":2}},"22":{"start":{"line":41,"column":2},"end":{"line":41,"column":25}},"23":{"start":{"line":43,"column":2},"end":{"line":58,"column":5}},"24":{"start":{"line":45,"column":4},"end":{"line":53,"column":7}},"25":{"start":{"line":46,"column":6},"end":{"line":48,"column":7}},"26":{"start":{"line":47,"column":8},"end":{"line":47,"column":29}},"27":{"start":{"line":50,"column":6},"end":{"line":50,"column":38}},"28":{"start":{"line":52,"column":6},"end":{"line":52,"column":33}},"29":{"start":{"line":55,"column":16},"end":{"line":55,"column":43}},"30":{"start":{"line":57,"column":4},"end":{"line":57,"column":25}},"31":{"start":{"line":61,"column":0},"end":{"line":65,"column":2}},"32":{"start":{"line":62,"column":2},"end":{"line":64,"column":15}},"33":{"start":{"line":63,"column":4},"end":{"line":63,"column":69}}},"branchMap":{"1":{"line":9,"type":"binary-expr","locations":[{"start":{"line":9,"column":12},"end":{"line":9,"column":19}},{"start":{"line":9,"column":23},"end":{"line":9,"column":25}}]},"2":{"line":14,"type":"if","locations":[{"start":{"line":14,"column":4},"end":{"line":14,"column":4}},{"start":{"line":14,"column":4},"end":{"line":14,"column":4}}]},"3":{"line":14,"type":"binary-expr","locations":[{"start":{"line":14,"column":7},"end":{"line":14,"column":21}},{"start":{"line":14,"column":25},"end":{"line":14,"column":44}}]},"4":{"line":18,"type":"if","locations":[{"start":{"line":18,"column":8},"end":{"line":18,"column":8}},{"start":{"line":18,"column":8},"end":{"line":18,"column":8}}]},"5":{"line":28,"type":"if","locations":[{"start":{"line":28,"column":8},"end":{"line":28,"column":8}},{"start":{"line":28,"column":8},"end":{"line":28,"column":8}}]},"6":{"line":46,"type":"if","locations":[{"start":{"line":46,"column":6},"end":{"line":46,"column":6}},{"start":{"line":46,"column":6},"end":{"line":46,"column":6}}]}},"code":["'use strict';","","var async = require('async'),","    _     = require('lodash');","","var internals = {};","","internals.createTable = function (model, options, callback) {","  options = options || {};","","  var tableName = model.tableName();","","  model.describeTable(function (err, data) {","    if(_.isNull(data) || _.isUndefined(data)) {","      model.log.info('creating table: %s', tableName);","      return model.createTable(options, function (error) {","","        if(error) {","          model.log.warn({err : error}, 'failed to create table %s: %s', tableName, error);","          return callback(error);","        }","","        model.log.info('waiting for table: %s to become ACTIVE', tableName);","        internals.waitTillActive(model, callback);","      });","    } else {","      model.updateTable(function (err) {","        if(err) {","          model.log.warn({err : err}, 'failed to update table %s: %s', tableName, err);","          return callback(err);","        }","","        model.log.info('waiting for table: %s to become ACTIVE', tableName);","        internals.waitTillActive(model, callback);","      });","    }","  });","};","","internals.waitTillActive = function (model, callback) {","  var status = 'PENDING';","","  async.doWhilst(","    function (callback) {","    model.describeTable(function (err, data) {","      if(err) {","        return callback(err);","      }","","      status = data.Table.TableStatus;","","      setTimeout(callback, 1000);","    });","  },","  function () { return status !== 'ACTIVE'; },","  function (err) {","    return callback(err);","  });","};","","module.exports = function (models, config, callback) {","  async.eachSeries(_.keys(models), function (key, callback) {","    return internals.createTable(models[key], config[key], callback);","  }, callback);","};",""],"l":{"3":1,"6":1,"8":1,"9":0,"11":0,"13":0,"14":0,"15":0,"16":0,"18":0,"19":0,"20":0,"23":0,"24":0,"27":0,"28":0,"29":0,"30":0,"33":0,"34":0,"40":1,"41":0,"43":0,"45":0,"46":0,"47":0,"50":0,"52":0,"55":0,"57":0,"61":1,"62":0,"63":0}}}